#
# A fatal error has been detected by the Java Runtime Environment:
#
#  EXCEPTION_ACCESS_VIOLATION (0xc0000005) at pc=0x00007ffe41f826ad, pid=11932, tid=0x00000000000033b4
#
# JRE version: Java(TM) SE Runtime Environment (8.0_111-b14) (build 1.8.0_111-b14)
# Java VM: Java HotSpot(TM) 64-Bit Server VM (25.111-b14 mixed mode windows-amd64 compressed oops)
# Problematic frame:
# C  [lwjgl_opengl.dll+0x126ad]
#
# Failed to write core dump. Minidumps are not enabled by default on client versions of Windows
#
# If you would like to submit a bug report, please visit:
#   http://bugreport.java.com/bugreport/crash.jsp
# The crash happened outside the Java Virtual Machine in native code.
# See problematic frame for where to report the bug.
#

---------------  T H R E A D  ---------------

Current thread (0x000000001f976800):  JavaThread "LuminaEngine" [_thread_in_native, id=13236, stack(0x0000000020060000,0x0000000020160000)]

siginfo: ExceptionCode=0xc0000005, reading address 0x0000000000000ed0

Registers:
RAX=0x000000006f00ed50, RBX=0x000000001c6a0f08, RCX=0x0000000000000001, RDX=0x000000001fa0ca6c
RSP=0x000000002015f058, RBP=0x000000002015f0e0, RSI=0x00000000000000e8, RDI=0x0000000003107e70
R8 =0x0000000000000001, R9 =0x000000001fa0ca6c, R10=0x0000000000000000, R11=0x000000006ea9b580
R12=0x0000000000000000, R13=0x000000001c6a0f08, R14=0x000000002015f110, R15=0x000000001f976800
RIP=0x00007ffe41f826ad, EFLAGS=0x0000000000010202

Top of Stack: (sp=0x000000002015f058)
0x000000002015f058:   0000000003117934 0000000003107e70
0x000000002015f068:   000000000311769d 000000001f976800
0x000000002015f078:   000000001c6a0f08 00000000000000e8
0x000000002015f088:   000000001f976800 000000002015f188
0x000000002015f098:   0000000003117662 000000002015f0a0
0x000000002015f0a8:   000000001c6a0f08 000000002015f110
0x000000002015f0b8:   000000001c6a5f78 0000000000000000
0x000000002015f0c8:   000000001c6a0f08 0000000000000000
0x000000002015f0d8:   000000002015f100 000000002015f158
0x000000002015f0e8:   000000000310835d 000000076b6c3c48
0x000000002015f0f8:   00000000031119d8 000000001fa0ca6c
0x000000002015f108:   000000076b701940 0000000000000001
0x000000002015f118:   000000002015f118 000000001c6a107c
0x000000002015f128:   000000002015f188 000000001c6a5f78
0x000000002015f138:   0000000000000000 000000001c6a10e8
0x000000002015f148:   000000002015f100 000000002015f190 

Instructions: (pc=0x00007ffe41f826ad)
0x00007ffe41f8268d:   49 ff a2 48 09 00 00 cc cc cc cc cc cc cc cc cc
0x00007ffe41f8269d:   cc cc cc 48 8b 01 49 8b d1 41 8b c8 4c 8b 50 18
0x00007ffe41f826ad:   49 ff a2 d0 0e 00 00 cc cc cc cc cc cc cc cc cc
0x00007ffe41f826bd:   cc cc cc 48 8b 01 48 8b 48 18 48 8b 81 58 1b 00 


Register to memory mapping:

RAX=0x000000006f00ed50 is an unknown value
RBX={method} {0x000000001c6a0f10} 'nglGenBuffers' '(IJ)V' in 'org/lwjgl/opengl/GL15'
RCX=0x0000000000000001 is an unknown value
RDX=0x000000001fa0ca6c is an unknown value
RSP=0x000000002015f058 is pointing into the stack for thread: 0x000000001f976800
RBP=0x000000002015f0e0 is pointing into the stack for thread: 0x000000001f976800
RSI=0x00000000000000e8 is an unknown value
RDI=0x0000000003107e70 is at code_begin+1040 in an Interpreter codelet
invoke return entry points  [0x0000000003107a60, 0x0000000003108440]  2528 bytes
R8 =0x0000000000000001 is an unknown value
R9 =0x000000001fa0ca6c is an unknown value
R10=0x0000000000000000 is an unknown value
R11=0x000000006ea9b580 is an unknown value
R12=0x0000000000000000 is an unknown value
R13={method} {0x000000001c6a0f10} 'nglGenBuffers' '(IJ)V' in 'org/lwjgl/opengl/GL15'
R14=0x000000002015f110 is pointing into the stack for thread: 0x000000001f976800
R15=0x000000001f976800 is a thread


Stack: [0x0000000020060000,0x0000000020160000],  sp=0x000000002015f058,  free space=1020k
Native frames: (J=compiled Java code, j=interpreted, Vv=VM code, C=native code)
C  [lwjgl_opengl.dll+0x126ad]

Java frames: (J=compiled Java code, j=interpreted, Vv=VM code)
j  org.lwjgl.opengl.GL15.nglGenBuffers(IJ)V+0
j  org.lwjgl.opengl.GL15.glGenBuffers()I+20
j  com.clownvin.lumina.entity.Entity.<init>(FF)V+15
j  com.clownvin.lumina.entity.DynamicEntity.<init>(FF)V+3
j  test.TestGame.setup()V+23
j  com.clownvin.lumina.LuminaEngine.run()V+3
j  java.lang.Thread.run()V+11
v  ~StubRoutines::call_stub

---------------  P R O C E S S  ---------------

Java Threads: ( => current thread )
  0x0000000002ffd800 JavaThread "DestroyJavaVM" [_thread_blocked, id=12924, stack(0x0000000002e30000,0x0000000002f30000)]
=>0x000000001f976800 JavaThread "LuminaEngine" [_thread_in_native, id=13236, stack(0x0000000020060000,0x0000000020160000)]
  0x000000001eb44000 JavaThread "Service Thread" daemon [_thread_blocked, id=3888, stack(0x000000001f660000,0x000000001f760000)]
  0x000000001eaaf800 JavaThread "C1 CompilerThread3" daemon [_thread_blocked, id=2804, stack(0x000000001f560000,0x000000001f660000)]
  0x000000001ea9f800 JavaThread "C2 CompilerThread2" daemon [_thread_blocked, id=5408, stack(0x000000001f460000,0x000000001f560000)]
  0x000000001ea9e800 JavaThread "C2 CompilerThread1" daemon [_thread_blocked, id=3864, stack(0x000000001f360000,0x000000001f460000)]
  0x000000001ea9a000 JavaThread "C2 CompilerThread0" daemon [_thread_blocked, id=12792, stack(0x000000001f260000,0x000000001f360000)]
  0x000000001ea99000 JavaThread "Attach Listener" daemon [_thread_blocked, id=1316, stack(0x000000001f160000,0x000000001f260000)]
  0x000000001ea98800 JavaThread "Signal Dispatcher" daemon [_thread_blocked, id=6020, stack(0x000000001f060000,0x000000001f160000)]
  0x00000000030f9000 JavaThread "Finalizer" daemon [_thread_blocked, id=13264, stack(0x000000001ee70000,0x000000001ef70000)]
  0x00000000030f6000 JavaThread "Reference Handler" daemon [_thread_blocked, id=2584, stack(0x000000001e970000,0x000000001ea70000)]

Other Threads:
  0x000000001cba9000 VMThread [stack: 0x000000001e870000,0x000000001e970000] [id=8180]
  0x000000001eb70000 WatcherThread [stack: 0x000000001f760000,0x000000001f860000] [id=9392]

VM state:not at safepoint (normal execution)

VM Mutex/Monitor currently owned by a thread: None

Heap:
 PSYoungGen      total 76288K, used 9176K [0x000000076af00000, 0x0000000770400000, 0x00000007c0000000)
  eden space 65536K, 14% used [0x000000076af00000,0x000000076b7f6020,0x000000076ef00000)
  from space 10752K, 0% used [0x000000076f980000,0x000000076f980000,0x0000000770400000)
  to   space 10752K, 0% used [0x000000076ef00000,0x000000076ef00000,0x000000076f980000)
 ParOldGen       total 175104K, used 0K [0x00000006c0c00000, 0x00000006cb700000, 0x000000076af00000)
  object space 175104K, 0% used [0x00000006c0c00000,0x00000006c0c00000,0x00000006cb700000)
 Metaspace       used 5654K, capacity 5900K, committed 6144K, reserved 1056768K
  class space    used 644K, capacity 738K, committed 768K, reserved 1048576K

Card table byte_map: [0x00000000124c0000,0x0000000012cc0000] byte_map_base: 0x000000000eeba000

Marking Bits: (ParMarkBitMap*) 0x000000006f08a6c0
 Begin Bits: [0x0000000013a20000, 0x00000000179f0000)
 End Bits:   [0x00000000179f0000, 0x000000001b9c0000)

Polling page: 0x0000000001560000

CodeCache: size=245760Kb used=2076Kb max_used=2076Kb free=243683Kb
 bounds [0x0000000003100000, 0x0000000003370000, 0x0000000012100000]
 total_blobs=1093 nmethods=410 adapters=597
 compilation: enabled

Compilation events (10 events):
Event: 0.244 Thread 0x000000001eaaf800 nmethod 405 0x0000000003301bd0 code [0x0000000003301d40, 0x0000000003301f88]
Event: 0.244 Thread 0x000000001eaaf800  403       3       java.util.regex.Pattern$Node::match (27 bytes)
Event: 0.244 Thread 0x000000001eaaf800 nmethod 403 0x0000000003302050 code [0x00000000033021c0, 0x0000000003302370]
Event: 0.244 Thread 0x000000001eaaf800  404       3       java.lang.ref.Finalizer::register (10 bytes)
Event: 0.244 Thread 0x000000001eaaf800 nmethod 404 0x0000000003302490 code [0x0000000003302620, 0x0000000003302a48]
Event: 0.246 Thread 0x000000001eaaf800  406       3       java.util.zip.ZipCoder::getBytes (192 bytes)
Event: 0.248 Thread 0x000000001eaaf800 nmethod 406 0x0000000003302fd0 code [0x0000000003303380, 0x00000000033056d8]
Event: 0.248 Thread 0x000000001eaaf800  407       3       java.util.zip.ZipCoder::encoder (35 bytes)
Event: 0.248 Thread 0x000000001eaaf800 nmethod 407 0x0000000003306890 code [0x0000000003306a20, 0x00000000033070a8]
Event: 0.248 Thread 0x000000001eaaf800  408       3       java.nio.charset.CharsetEncoder::reset (11 bytes)

GC Heap History (0 events):
No events

Deoptimization events (0 events):
No events

Internal exceptions (10 events):
Event: 0.028 Thread 0x0000000002ffd800 Exception <a 'java/lang/NoSuchMethodError': Method sun.misc.Unsafe.prefetchRead(Ljava/lang/Object;J)V name or signature does not match> (0x000000076af07f60) thrown at [C:\re\workspace\8-2-build-windows-amd64-cygwin\jdk8u111\7883\hotspot\src\share\vm\prims
Event: 0.128 Thread 0x0000000002ffd800 Exception <a 'java/lang/NoSuchMethodError': java.lang.Object.lambda$static$0(Ljava/lang/String;)Ljava/lang/Boolean;> (0x000000076b1db9d0) thrown at [C:\re\workspace\8-2-build-windows-amd64-cygwin\jdk8u111\7883\hotspot\src\share\vm\interpreter\linkResolver
Event: 0.140 Thread 0x0000000002ffd800 Exception <a 'java/lang/NoSuchFieldError': method resolution failed> (0x000000076b253828) thrown at [C:\re\workspace\8-2-build-windows-amd64-cygwin\jdk8u111\7883\hotspot\src\share\vm\prims\methodHandles.cpp, line 1146]
Event: 0.141 Thread 0x0000000002ffd800 Exception <a 'java/lang/NoSuchFieldError': method resolution failed> (0x000000076b260c28) thrown at [C:\re\workspace\8-2-build-windows-amd64-cygwin\jdk8u111\7883\hotspot\src\share\vm\prims\methodHandles.cpp, line 1146]
Event: 0.183 Thread 0x0000000002ffd800 Exception <a 'java/security/PrivilegedActionException'> (0x000000076b3d3b30) thrown at [C:\re\workspace\8-2-build-windows-amd64-cygwin\jdk8u111\7883\hotspot\src\share\vm\prims\jvm.cpp, line 1386]
Event: 0.183 Thread 0x0000000002ffd800 Exception <a 'java/security/PrivilegedActionException'> (0x000000076b3d3d40) thrown at [C:\re\workspace\8-2-build-windows-amd64-cygwin\jdk8u111\7883\hotspot\src\share\vm\prims\jvm.cpp, line 1386]
Event: 0.183 Thread 0x0000000002ffd800 Exception <a 'java/security/PrivilegedActionException'> (0x000000076b3d7b70) thrown at [C:\re\workspace\8-2-build-windows-amd64-cygwin\jdk8u111\7883\hotspot\src\share\vm\prims\jvm.cpp, line 1386]
Event: 0.183 Thread 0x0000000002ffd800 Exception <a 'java/security/PrivilegedActionException'> (0x000000076b3d7d80) thrown at [C:\re\workspace\8-2-build-windows-amd64-cygwin\jdk8u111\7883\hotspot\src\share\vm\prims\jvm.cpp, line 1386]
Event: 0.244 Thread 0x000000001f976800 Exception <a 'sun/nio/fs/WindowsException'> (0x000000076b6f6de0) thrown at [C:\re\workspace\8-2-build-windows-amd64-cygwin\jdk8u111\7883\hotspot\src\share\vm\prims\jni.cpp, line 709]
Event: 0.245 Thread 0x000000001f976800 Exception <a 'sun/nio/fs/WindowsException'> (0x000000076b6f7600) thrown at [C:\re\workspace\8-2-build-windows-amd64-cygwin\jdk8u111\7883\hotspot\src\share\vm\prims\jni.cpp, line 709]

Events (10 events):
Event: 0.245 loading class java/nio/file/NoSuchFileException
Event: 0.245 loading class java/nio/file/FileSystemException
Event: 0.245 loading class java/nio/file/FileSystemException done
Event: 0.245 loading class java/nio/file/NoSuchFileException done
Event: 0.246 loading class org/lwjgl/opengl/GL$1
Event: 0.246 loading class org/lwjgl/opengl/GL$1 done
Event: 0.246 loading class org/lwjgl/opengl/GL$SharedLibraryGL
Event: 0.246 loading class org/lwjgl/opengl/GL$SharedLibraryGL done
Event: 0.247 loading class org/lwjgl/system/SharedLibrary$Delegate
Event: 0.247 loading class org/lwjgl/system/SharedLibrary$Delegate done


Dynamic libraries:
0x00007ff6015b0000 - 0x00007ff6015e7000 	C:\Program Files\Java\jre1.8.0_111\bin\javaw.exe
0x00007ffe5b6f0000 - 0x00007ffe5b8cb000 	C:\WINDOWS\SYSTEM32\ntdll.dll
0x00007ffe5b290000 - 0x00007ffe5b33e000 	C:\WINDOWS\System32\KERNEL32.DLL
0x00007ffe57c10000 - 0x00007ffe57e59000 	C:\WINDOWS\System32\KERNELBASE.dll
0x00007ffe59430000 - 0x00007ffe594d1000 	C:\WINDOWS\System32\ADVAPI32.dll
0x00007ffe5b340000 - 0x00007ffe5b3dd000 	C:\WINDOWS\System32\msvcrt.dll
0x00007ffe593d0000 - 0x00007ffe59429000 	C:\WINDOWS\System32\sechost.dll
0x00007ffe596d0000 - 0x00007ffe597f5000 	C:\WINDOWS\System32\RPCRT4.dll
0x00007ffe58cb0000 - 0x00007ffe58dfa000 	C:\WINDOWS\System32\USER32.dll
0x00007ffe58b80000 - 0x00007ffe58b9e000 	C:\WINDOWS\System32\win32u.dll
0x00007ffe594f0000 - 0x00007ffe59517000 	C:\WINDOWS\System32\GDI32.dll
0x00007ffe57e60000 - 0x00007ffe57fe7000 	C:\WINDOWS\System32\gdi32full.dll
0x00007ffe58930000 - 0x00007ffe589ca000 	C:\WINDOWS\System32\msvcp_win.dll
0x00007ffe58a80000 - 0x00007ffe58b76000 	C:\WINDOWS\System32\ucrtbase.dll
0x00007ffe49d40000 - 0x00007ffe49fa7000 	C:\WINDOWS\WinSxS\amd64_microsoft.windows.common-controls_6595b64144ccf1df_6.0.15063.483_none_26002d27e7c744a2\COMCTL32.dll
0x00007ffe5b3e0000 - 0x00007ffe5b6d9000 	C:\WINDOWS\System32\combase.dll
0x00007ffe57ff0000 - 0x00007ffe5805a000 	C:\WINDOWS\System32\bcryptPrimitives.dll
0x00007ffe595a0000 - 0x00007ffe595cd000 	C:\WINDOWS\System32\IMM32.DLL
0x000000006e330000 - 0x000000006e402000 	C:\Program Files\Java\jre1.8.0_111\bin\msvcr100.dll
0x000000006e870000 - 0x000000006f10a000 	C:\Program Files\Java\jre1.8.0_111\bin\server\jvm.dll
0x00007ffe594e0000 - 0x00007ffe594e8000 	C:\WINDOWS\System32\PSAPI.DLL
0x00007ffe47580000 - 0x00007ffe47589000 	C:\WINDOWS\SYSTEM32\WSOCK32.dll
0x00007ffe4daf0000 - 0x00007ffe4db13000 	C:\WINDOWS\SYSTEM32\WINMM.dll
0x00007ffe53b40000 - 0x00007ffe53b4a000 	C:\WINDOWS\SYSTEM32\VERSION.dll
0x00007ffe59530000 - 0x00007ffe5959c000 	C:\WINDOWS\System32\WS2_32.dll
0x00007ffe4d5b0000 - 0x00007ffe4d5db000 	C:\WINDOWS\SYSTEM32\winmmbase.dll
0x00007ffe58c00000 - 0x00007ffe58c49000 	C:\WINDOWS\System32\cfgmgr32.dll
0x000000006e860000 - 0x000000006e86f000 	C:\Program Files\Java\jre1.8.0_111\bin\verify.dll
0x000000006e830000 - 0x000000006e859000 	C:\Program Files\Java\jre1.8.0_111\bin\java.dll
0x000000006e810000 - 0x000000006e826000 	C:\Program Files\Java\jre1.8.0_111\bin\zip.dll
0x00007ffe59cb0000 - 0x00007ffe5b0e7000 	C:\WINDOWS\System32\SHELL32.dll
0x00007ffe58e00000 - 0x00007ffe58eaa000 	C:\WINDOWS\System32\shcore.dll
0x00007ffe58060000 - 0x00007ffe58751000 	C:\WINDOWS\System32\windows.storage.dll
0x00007ffe59670000 - 0x00007ffe596c1000 	C:\WINDOWS\System32\shlwapi.dll
0x00007ffe57b80000 - 0x00007ffe57b91000 	C:\WINDOWS\System32\kernel.appcore.dll
0x00007ffe57ba0000 - 0x00007ffe57bec000 	C:\WINDOWS\System32\powrprof.dll
0x00007ffe57b60000 - 0x00007ffe57b75000 	C:\WINDOWS\System32\profapi.dll
0x000000006e7f0000 - 0x000000006e80a000 	C:\Program Files\Java\jre1.8.0_111\bin\net.dll
0x00007ffe57470000 - 0x00007ffe574cc000 	C:\WINDOWS\system32\mswsock.dll
0x000000006e7d0000 - 0x000000006e7e1000 	C:\Program Files\Java\jre1.8.0_111\bin\nio.dll
0x00007ffe42020000 - 0x00007ffe42078000 	C:\Users\Clownvin\AppData\Local\Temp\lwjglClownvin\3.1.4-SNAPSHOT\lwjgl.dll
0x00007ffe41fd0000 - 0x00007ffe4201d000 	C:\Users\Clownvin\AppData\Local\Temp\lwjglClownvin\3.1.4-SNAPSHOT\glfw.dll
0x00007ffe41f70000 - 0x00007ffe41fcf000 	C:\Users\Clownvin\AppData\Local\Temp\lwjglClownvin\3.1.4-SNAPSHOT\lwjgl_opengl.dll
0x00007ffe32b70000 - 0x00007ffe32c91000 	C:\WINDOWS\SYSTEM32\opengl32.dll
0x00007ffe3f320000 - 0x00007ffe3f34c000 	C:\WINDOWS\SYSTEM32\GLU32.dll
0x00007ffe51840000 - 0x00007ffe519e9000 	C:\WINDOWS\SYSTEM32\dbghelp.dll

VM Arguments:
jvm_args: -Dfile.encoding=Cp1252 
java_command: test.TestGame
java_class_path (initial): U:\Workspace\LuminaEngine\bin;C:\Users\Clownvin\Desktop\jars\lwjgl\lwjgl.jar;C:\Users\Clownvin\Desktop\jars\lwjgl\lwjgl-glfw.jar;C:\Users\Clownvin\Desktop\jars\lwjgl\lwjgl-glfw-natives-windows.jar;C:\Users\Clownvin\Desktop\jars\lwjgl\lwjgl-jemalloc.jar;C:\Users\Clownvin\Desktop\jars\lwjgl\lwjgl-jemalloc-natives-windows.jar;C:\Users\Clownvin\Desktop\jars\lwjgl\lwjgl-natives-windows.jar;C:\Users\Clownvin\Desktop\jars\lwjgl\lwjgl-openal.jar;C:\Users\Clownvin\Desktop\jars\lwjgl\lwjgl-openal-natives-windows.jar;C:\Users\Clownvin\Desktop\jars\lwjgl\lwjgl-opengl.jar;C:\Users\Clownvin\Desktop\jars\lwjgl\lwjgl-opengl-natives-windows.jar;C:\Users\Clownvin\Desktop\jars\lwjgl\lwjgl-stb.jar;C:\Users\Clownvin\Desktop\jars\lwjgl\lwjgl-stb-natives-windows.jar;C:\Users\Clownvin\Desktop\lwjgl3 slick\slick-util3\slick-util3.jar;C:\Users\Clownvin\Desktop\jars\joml-1.9.6.jar
Launcher Type: SUN_STANDARD

Environment Variables:
PATH=C:/Program Files/Java/jre1.8.0_111/bin/server;C:/Program Files/Java/jre1.8.0_111/bin;C:/Program Files/Java/jre1.8.0_111/lib/amd64;C:\ProgramData\Oracle\Java\javapath;C:\Program Files (x86)\Razer Chroma SDK\bin;C:\Program Files\Razer Chroma SDK\bin;C:\Windows\system32;C:\Windows;C:\Windows\System32\Wbem;C:\Windows\System32\WindowsPowerShell\v1.0\;C:\Users\Clownvin\.dnx\bin;C:\Program Files\Microsoft DNX\Dnvm\;C:\Program Files\Microsoft SQL Server\130\Tools\Binn\;C:\WINDOWS\system32;C:\WINDOWS;C:\WINDOWS\System32\Wbem;C:\WINDOWS\System32\WindowsPowerShell\v1.0\;C:\Program Files (x86)\NVIDIA Corporation\PhysX\Common;C:\WINDOWS\system32;C:\WINDOWS;C:\WINDOWS\System32\Wbem;C:\WINDOWS\System32\WindowsPowerShell\v1.0\;C:\Program Files (x86)\Skype\Phone\;C:\WINDOWS\system32\config\systemprofile\AppData\Local\Microsoft\WindowsApps;C:\Program Files (x86)\sbt\bin;C:\Program Files\Git\cmd;C:\Users\Clownvin\AppData\Local\atom\bin;%USERPROFILE%\AppData\Local\Microsoft\WindowsApps;;C:\Users\Clownvin\Desktop\eclipse;
USERNAME=Clownvin
OS=Windows_NT
PROCESSOR_IDENTIFIER=AMD64 Family 21 Model 2 Stepping 0, AuthenticAMD



---------------  S Y S T E M  ---------------

OS: Windows 10.0 , 64 bit Build 15063 (10.0.15063.296)

CPU:total 8 (8 cores per cpu, 1 threads per core) family 21 model 2 stepping 0, cmov, cx8, fxsr, mmx, sse, sse2, sse3, ssse3, sse4.1, sse4.2, popcnt, avx, aes, clmul, mmxext, 3dnowpref, lzcnt, sse4a, tsc, tscinvbit, tscinv, bmi1

Memory: 4k page, physical 16724272k(10043864k free), swap 19214640k(9181724k free)

vm_info: Java HotSpot(TM) 64-Bit Server VM (25.111-b14) for windows-amd64 JRE (1.8.0_111-b14), built on Sep 22 2016 19:24:05 by "java_re" with MS VC++ 10.0 (VS2010)

time: Wed Nov 15 14:51:40 2017
elapsed time: 0 seconds (0d 0h 0m 0s)

