#
# A fatal error has been detected by the Java Runtime Environment:
#
#  EXCEPTION_ACCESS_VIOLATION (0xc0000005) at pc=0x00007ffe425226ad, pid=12232, tid=0x0000000000003304
#
# JRE version: Java(TM) SE Runtime Environment (8.0_111-b14) (build 1.8.0_111-b14)
# Java VM: Java HotSpot(TM) 64-Bit Server VM (25.111-b14 mixed mode windows-amd64 compressed oops)
# Problematic frame:
# C  [lwjgl_opengl.dll+0x126ad]
#
# Failed to write core dump. Minidumps are not enabled by default on client versions of Windows
#
# If you would like to submit a bug report, please visit:
#   http://bugreport.java.com/bugreport/crash.jsp
# The crash happened outside the Java Virtual Machine in native code.
# See problematic frame for where to report the bug.
#

---------------  T H R E A D  ---------------

Current thread (0x000000000267d800):  JavaThread "main" [_thread_in_native, id=13060, stack(0x0000000002510000,0x0000000002610000)]

siginfo: ExceptionCode=0xc0000005, reading address 0x0000000000000ed0

Registers:
RAX=0x000000006f00ed50, RBX=0x000000001bd84170, RCX=0x0000000000000001, RDX=0x000000001f036a6c
RSP=0x000000000260f428, RBP=0x000000000260f4a8, RSI=0x0000000000000038, RDI=0x0000000002797e70
R8 =0x0000000000000001, R9 =0x000000001f036a6c, R10=0x0000000000000000, R11=0x000000006ea9b580
R12=0x0000000000000000, R13=0x000000001bd84170, R14=0x000000000260f4d8, R15=0x000000000267d800
RIP=0x00007ffe425226ad, EFLAGS=0x0000000000010202

Top of Stack: (sp=0x000000000260f428)
0x000000000260f428:   00000000027a7934 0000000002797e70
0x000000000260f438:   00000000027a76ab 000000000267d800
0x000000000260f448:   000000001bd84170 0000000000000038
0x000000000260f458:   000000000267d800 00000000027a7662
0x000000000260f468:   000000000260f468 000000001bd84170
0x000000000260f478:   000000000260f4d8 000000001bd89210
0x000000000260f488:   0000000000000000 000000001bd84170
0x000000000260f498:   0000000000000000 000000000260f4c8
0x000000000260f4a8:   000000000260f520 000000000279835d
0x000000000260f4b8:   000000076b501550 00000000027a19d8
0x000000000260f4c8:   000000001f036a6c 000000076b53eca8
0x000000000260f4d8:   0000000000000001 000000000260f4e0
0x000000000260f4e8:   000000001bd842e4 000000000260f550
0x000000000260f4f8:   000000001bd89210 0000000000000000
0x000000000260f508:   000000001bd84350 000000000260f4c8
0x000000000260f518:   000000000260f558 000000000260f5a0 

Instructions: (pc=0x00007ffe425226ad)
0x00007ffe4252268d:   49 ff a2 48 09 00 00 cc cc cc cc cc cc cc cc cc
0x00007ffe4252269d:   cc cc cc 48 8b 01 49 8b d1 41 8b c8 4c 8b 50 18
0x00007ffe425226ad:   49 ff a2 d0 0e 00 00 cc cc cc cc cc cc cc cc cc
0x00007ffe425226bd:   cc cc cc 48 8b 01 48 8b 48 18 48 8b 81 58 1b 00 


Register to memory mapping:

RAX=0x000000006f00ed50 is an unknown value
RBX={method} {0x000000001bd84178} 'nglGenBuffers' '(IJ)V' in 'org/lwjgl/opengl/GL15'
RCX=0x0000000000000001 is an unknown value
RDX=0x000000001f036a6c is an unknown value
RSP=0x000000000260f428 is pointing into the stack for thread: 0x000000000267d800
RBP=0x000000000260f4a8 is pointing into the stack for thread: 0x000000000267d800
RSI=0x0000000000000038 is an unknown value
RDI=0x0000000002797e70 is at code_begin+1040 in an Interpreter codelet
invoke return entry points  [0x0000000002797a60, 0x0000000002798440]  2528 bytes
R8 =0x0000000000000001 is an unknown value
R9 =0x000000001f036a6c is an unknown value
R10=0x0000000000000000 is an unknown value
R11=0x000000006ea9b580 is an unknown value
R12=0x0000000000000000 is an unknown value
R13={method} {0x000000001bd84178} 'nglGenBuffers' '(IJ)V' in 'org/lwjgl/opengl/GL15'
R14=0x000000000260f4d8 is pointing into the stack for thread: 0x000000000267d800
R15=0x000000000267d800 is a thread


Stack: [0x0000000002510000,0x0000000002610000],  sp=0x000000000260f428,  free space=1021k
Native frames: (J=compiled Java code, j=interpreted, Vv=VM code, C=native code)
C  [lwjgl_opengl.dll+0x126ad]

Java frames: (J=compiled Java code, j=interpreted, Vv=VM code)
j  org.lwjgl.opengl.GL15.nglGenBuffers(IJ)V+0
j  org.lwjgl.opengl.GL15.glGenBuffers()I+20
j  com.clownvin.lumina.entity.Entity.<init>(FF)V+20
j  com.clownvin.lumina.entity.Entity.<init>()V+3
j  com.clownvin.lumina.gui.GUIComponent.<init>(IIII)V+1
j  com.clownvin.lumina.gui.TitleScreen.<init>(Ljava/lang/String;)V+9
j  test.TestGame.<init>()V+42
j  test.TestGame.main([Ljava/lang/String;)V+8
v  ~StubRoutines::call_stub

---------------  P R O C E S S  ---------------

Java Threads: ( => current thread )
  0x000000001e23b000 JavaThread "Service Thread" daemon [_thread_blocked, id=11380, stack(0x000000001ed60000,0x000000001ee60000)]
  0x000000001e1ac800 JavaThread "C1 CompilerThread3" daemon [_thread_blocked, id=11744, stack(0x000000001ec60000,0x000000001ed60000)]
  0x000000001e1a3000 JavaThread "C2 CompilerThread2" daemon [_thread_blocked, id=13612, stack(0x000000001eb60000,0x000000001ec60000)]
  0x000000001e1a2000 JavaThread "C2 CompilerThread1" daemon [_thread_blocked, id=14056, stack(0x000000001ea60000,0x000000001eb60000)]
  0x000000001e19d800 JavaThread "C2 CompilerThread0" daemon [_thread_blocked, id=6628, stack(0x000000001e960000,0x000000001ea60000)]
  0x000000001e198000 JavaThread "Attach Listener" daemon [_thread_blocked, id=2372, stack(0x000000001e860000,0x000000001e960000)]
  0x000000001e197000 JavaThread "Signal Dispatcher" daemon [_thread_blocked, id=13292, stack(0x000000001e760000,0x000000001e860000)]
  0x0000000002788800 JavaThread "Finalizer" daemon [_thread_blocked, id=13700, stack(0x000000001e570000,0x000000001e670000)]
  0x0000000002785000 JavaThread "Reference Handler" daemon [_thread_blocked, id=8376, stack(0x000000001e070000,0x000000001e170000)]
=>0x000000000267d800 JavaThread "main" [_thread_in_native, id=13060, stack(0x0000000002510000,0x0000000002610000)]

Other Threads:
  0x000000001c289800 VMThread [stack: 0x000000001df70000,0x000000001e070000] [id=12596]
  0x000000001e23e800 WatcherThread [stack: 0x000000001ee60000,0x000000001ef60000] [id=13436]

VM state:not at safepoint (normal execution)

VM Mutex/Monitor currently owned by a thread: None

Heap:
 PSYoungGen      total 76288K, used 6553K [0x000000076af00000, 0x0000000770400000, 0x00000007c0000000)
  eden space 65536K, 10% used [0x000000076af00000,0x000000076b5666b8,0x000000076ef00000)
  from space 10752K, 0% used [0x000000076f980000,0x000000076f980000,0x0000000770400000)
  to   space 10752K, 0% used [0x000000076ef00000,0x000000076ef00000,0x000000076f980000)
 ParOldGen       total 175104K, used 0K [0x00000006c0c00000, 0x00000006cb700000, 0x000000076af00000)
  object space 175104K, 0% used [0x00000006c0c00000,0x00000006c0c00000,0x00000006cb700000)
 Metaspace       used 5662K, capacity 5898K, committed 6144K, reserved 1056768K
  class space    used 646K, capacity 737K, committed 768K, reserved 1048576K

Card table byte_map: [0x0000000011b50000,0x0000000012350000] byte_map_base: 0x000000000e54a000

Marking Bits: (ParMarkBitMap*) 0x000000006f08a6c0
 Begin Bits: [0x00000000130b0000, 0x0000000017080000)
 End Bits:   [0x0000000017080000, 0x000000001b050000)

Polling page: 0x0000000002610000

CodeCache: size=245760Kb used=2086Kb max_used=2086Kb free=243673Kb
 bounds [0x0000000002790000, 0x0000000002a00000, 0x0000000011790000]
 total_blobs=1088 nmethods=405 adapters=597
 compilation: enabled

Compilation events (10 events):
Event: 0.349 Thread 0x000000001e1ac800  400       3       java.lang.CharacterDataLatin1::digit (91 bytes)
Event: 0.349 Thread 0x000000001e1ac800 nmethod 400 0x0000000002994f90 code [0x0000000002995100, 0x0000000002995490]
Event: 0.351 Thread 0x000000001e1ac800  401       3       java.util.zip.ZipCoder::getBytes (192 bytes)
Event: 0.353 Thread 0x000000001e1ac800 nmethod 401 0x00000000029959d0 code [0x0000000002995d80, 0x00000000029980d8]
Event: 0.353 Thread 0x000000001e1ac800  402       3       java.util.zip.ZipCoder::encoder (35 bytes)
Event: 0.353 Thread 0x000000001e1ac800 nmethod 402 0x0000000002999290 code [0x0000000002999420, 0x0000000002999aa8]
Event: 0.353 Thread 0x000000001e1ac800  403       3       java.nio.charset.CharsetEncoder::reset (11 bytes)
Event: 0.353 Thread 0x000000001e1ac800 nmethod 403 0x0000000002999c50 code [0x0000000002999da0, 0x0000000002999fd0]
Event: 0.353 Thread 0x000000001e1ac800  404       3       java.nio.charset.CharsetEncoder::implReset (1 bytes)
Event: 0.353 Thread 0x000000001e1ac800 nmethod 404 0x000000000299a090 code [0x000000000299a1e0, 0x000000000299a330]

GC Heap History (0 events):
No events

Deoptimization events (0 events):
No events

Internal exceptions (10 events):
Event: 0.030 Thread 0x000000000267d800 Exception <a 'java/lang/NoSuchMethodError': Method sun.misc.Unsafe.prefetchRead(Ljava/lang/Object;J)V name or signature does not match> (0x000000076af07f60) thrown at [C:\re\workspace\8-2-build-windows-amd64-cygwin\jdk8u111\7883\hotspot\src\share\vm\prims
Event: 0.141 Thread 0x000000000267d800 Exception <a 'java/lang/NoSuchMethodError': java.lang.Object.lambda$static$0(Ljava/lang/String;)Ljava/lang/Boolean;> (0x000000076b1dcc38) thrown at [C:\re\workspace\8-2-build-windows-amd64-cygwin\jdk8u111\7883\hotspot\src\share\vm\interpreter\linkResolver
Event: 0.153 Thread 0x000000000267d800 Exception <a 'java/lang/NoSuchFieldError': method resolution failed> (0x000000076b254d28) thrown at [C:\re\workspace\8-2-build-windows-amd64-cygwin\jdk8u111\7883\hotspot\src\share\vm\prims\methodHandles.cpp, line 1146]
Event: 0.154 Thread 0x000000000267d800 Exception <a 'java/lang/NoSuchFieldError': method resolution failed> (0x000000076b262128) thrown at [C:\re\workspace\8-2-build-windows-amd64-cygwin\jdk8u111\7883\hotspot\src\share\vm\prims\methodHandles.cpp, line 1146]
Event: 0.199 Thread 0x000000000267d800 Exception <a 'java/security/PrivilegedActionException'> (0x000000076b3d5090) thrown at [C:\re\workspace\8-2-build-windows-amd64-cygwin\jdk8u111\7883\hotspot\src\share\vm\prims\jvm.cpp, line 1386]
Event: 0.199 Thread 0x000000000267d800 Exception <a 'java/security/PrivilegedActionException'> (0x000000076b3d52a0) thrown at [C:\re\workspace\8-2-build-windows-amd64-cygwin\jdk8u111\7883\hotspot\src\share\vm\prims\jvm.cpp, line 1386]
Event: 0.200 Thread 0x000000000267d800 Exception <a 'java/security/PrivilegedActionException'> (0x000000076b3d90d0) thrown at [C:\re\workspace\8-2-build-windows-amd64-cygwin\jdk8u111\7883\hotspot\src\share\vm\prims\jvm.cpp, line 1386]
Event: 0.200 Thread 0x000000000267d800 Exception <a 'java/security/PrivilegedActionException'> (0x000000076b3d92e0) thrown at [C:\re\workspace\8-2-build-windows-amd64-cygwin\jdk8u111\7883\hotspot\src\share\vm\prims\jvm.cpp, line 1386]
Event: 0.349 Thread 0x000000000267d800 Exception <a 'sun/nio/fs/WindowsException'> (0x000000076b534248) thrown at [C:\re\workspace\8-2-build-windows-amd64-cygwin\jdk8u111\7883\hotspot\src\share\vm\prims\jni.cpp, line 709]
Event: 0.350 Thread 0x000000000267d800 Exception <a 'sun/nio/fs/WindowsException'> (0x000000076b534a68) thrown at [C:\re\workspace\8-2-build-windows-amd64-cygwin\jdk8u111\7883\hotspot\src\share\vm\prims\jni.cpp, line 709]

Events (10 events):
Event: 0.350 loading class java/nio/file/NoSuchFileException
Event: 0.350 loading class java/nio/file/FileSystemException
Event: 0.350 loading class java/nio/file/FileSystemException done
Event: 0.350 loading class java/nio/file/NoSuchFileException done
Event: 0.351 loading class org/lwjgl/opengl/GL$1
Event: 0.351 loading class org/lwjgl/opengl/GL$1 done
Event: 0.351 loading class org/lwjgl/opengl/GL$SharedLibraryGL
Event: 0.351 loading class org/lwjgl/opengl/GL$SharedLibraryGL done
Event: 0.353 loading class org/lwjgl/system/SharedLibrary$Delegate
Event: 0.353 loading class org/lwjgl/system/SharedLibrary$Delegate done


Dynamic libraries:
0x00007ff6015b0000 - 0x00007ff6015e7000 	C:\Program Files\Java\jre1.8.0_111\bin\javaw.exe
0x00007ffe5b6f0000 - 0x00007ffe5b8cb000 	C:\WINDOWS\SYSTEM32\ntdll.dll
0x00007ffe5b290000 - 0x00007ffe5b33e000 	C:\WINDOWS\System32\KERNEL32.DLL
0x00007ffe57c10000 - 0x00007ffe57e59000 	C:\WINDOWS\System32\KERNELBASE.dll
0x00007ffe59430000 - 0x00007ffe594d1000 	C:\WINDOWS\System32\ADVAPI32.dll
0x00007ffe5b340000 - 0x00007ffe5b3dd000 	C:\WINDOWS\System32\msvcrt.dll
0x00007ffe593d0000 - 0x00007ffe59429000 	C:\WINDOWS\System32\sechost.dll
0x00007ffe596d0000 - 0x00007ffe597f5000 	C:\WINDOWS\System32\RPCRT4.dll
0x00007ffe58cb0000 - 0x00007ffe58dfa000 	C:\WINDOWS\System32\USER32.dll
0x00007ffe58b80000 - 0x00007ffe58b9e000 	C:\WINDOWS\System32\win32u.dll
0x00007ffe594f0000 - 0x00007ffe59517000 	C:\WINDOWS\System32\GDI32.dll
0x00007ffe57e60000 - 0x00007ffe57fe7000 	C:\WINDOWS\System32\gdi32full.dll
0x00007ffe58930000 - 0x00007ffe589ca000 	C:\WINDOWS\System32\msvcp_win.dll
0x00007ffe58a80000 - 0x00007ffe58b76000 	C:\WINDOWS\System32\ucrtbase.dll
0x00007ffe49d40000 - 0x00007ffe49fa7000 	C:\WINDOWS\WinSxS\amd64_microsoft.windows.common-controls_6595b64144ccf1df_6.0.15063.483_none_26002d27e7c744a2\COMCTL32.dll
0x00007ffe5b3e0000 - 0x00007ffe5b6d9000 	C:\WINDOWS\System32\combase.dll
0x00007ffe57ff0000 - 0x00007ffe5805a000 	C:\WINDOWS\System32\bcryptPrimitives.dll
0x00007ffe595a0000 - 0x00007ffe595cd000 	C:\WINDOWS\System32\IMM32.DLL
0x000000006e330000 - 0x000000006e402000 	C:\Program Files\Java\jre1.8.0_111\bin\msvcr100.dll
0x000000006e870000 - 0x000000006f10a000 	C:\Program Files\Java\jre1.8.0_111\bin\server\jvm.dll
0x00007ffe594e0000 - 0x00007ffe594e8000 	C:\WINDOWS\System32\PSAPI.DLL
0x00007ffe4daf0000 - 0x00007ffe4db13000 	C:\WINDOWS\SYSTEM32\WINMM.dll
0x00007ffe47580000 - 0x00007ffe47589000 	C:\WINDOWS\SYSTEM32\WSOCK32.dll
0x00007ffe53b40000 - 0x00007ffe53b4a000 	C:\WINDOWS\SYSTEM32\VERSION.dll
0x00007ffe59530000 - 0x00007ffe5959c000 	C:\WINDOWS\System32\WS2_32.dll
0x00007ffe4d5b0000 - 0x00007ffe4d5db000 	C:\WINDOWS\SYSTEM32\WINMMBASE.dll
0x00007ffe58c00000 - 0x00007ffe58c49000 	C:\WINDOWS\System32\cfgmgr32.dll
0x000000006e860000 - 0x000000006e86f000 	C:\Program Files\Java\jre1.8.0_111\bin\verify.dll
0x000000006e830000 - 0x000000006e859000 	C:\Program Files\Java\jre1.8.0_111\bin\java.dll
0x000000006e810000 - 0x000000006e826000 	C:\Program Files\Java\jre1.8.0_111\bin\zip.dll
0x00007ffe59cb0000 - 0x00007ffe5b0e7000 	C:\WINDOWS\System32\SHELL32.dll
0x00007ffe58e00000 - 0x00007ffe58eaa000 	C:\WINDOWS\System32\shcore.dll
0x00007ffe58060000 - 0x00007ffe58751000 	C:\WINDOWS\System32\windows.storage.dll
0x00007ffe59670000 - 0x00007ffe596c1000 	C:\WINDOWS\System32\shlwapi.dll
0x00007ffe57b80000 - 0x00007ffe57b91000 	C:\WINDOWS\System32\kernel.appcore.dll
0x00007ffe57ba0000 - 0x00007ffe57bec000 	C:\WINDOWS\System32\powrprof.dll
0x00007ffe57b60000 - 0x00007ffe57b75000 	C:\WINDOWS\System32\profapi.dll
0x000000006e7f0000 - 0x000000006e80a000 	C:\Program Files\Java\jre1.8.0_111\bin\net.dll
0x00007ffe57470000 - 0x00007ffe574cc000 	C:\WINDOWS\system32\mswsock.dll
0x000000006e7d0000 - 0x000000006e7e1000 	C:\Program Files\Java\jre1.8.0_111\bin\nio.dll
0x00007ffe4e730000 - 0x00007ffe4e788000 	C:\Users\Clownvin\AppData\Local\Temp\lwjglClownvin\3.1.4-SNAPSHOT\lwjgl.dll
0x00007ffe4bab0000 - 0x00007ffe4bafd000 	C:\Users\Clownvin\AppData\Local\Temp\lwjglClownvin\3.1.4-SNAPSHOT\glfw.dll
0x00007ffe56460000 - 0x00007ffe564f5000 	C:\WINDOWS\system32\uxtheme.dll
0x00007ffe4ba60000 - 0x00007ffe4baa2000 	C:\WINDOWS\SYSTEM32\dinput8.dll
0x00007ffe54a70000 - 0x00007ffe54a7e000 	C:\WINDOWS\SYSTEM32\xinput1_4.dll
0x00007ffe56520000 - 0x00007ffe56548000 	C:\WINDOWS\SYSTEM32\DEVOBJ.dll
0x00007ffe4b5d0000 - 0x00007ffe4b5fa000 	C:\WINDOWS\SYSTEM32\dwmapi.dll
0x00007ffe59800000 - 0x00007ffe59966000 	C:\WINDOWS\System32\MSCTF.dll
0x00007ffe58eb0000 - 0x00007ffe58f70000 	C:\WINDOWS\System32\OLEAUT32.dll
0x00007ffe3fde0000 - 0x00007ffe3fe28000 	U:\Programs\TeamViewer\tv_x64.dll
0x00007ffe59b60000 - 0x00007ffe59ca5000 	C:\WINDOWS\System32\ole32.dll
0x00007ffe56a20000 - 0x00007ffe56a2d000 	C:\WINDOWS\SYSTEM32\HID.DLL
0x00007ffe58f90000 - 0x00007ffe593cb000 	C:\WINDOWS\System32\SETUPAPI.DLL
0x00007ffe58ba0000 - 0x00007ffe58bf6000 	C:\WINDOWS\System32\WINTRUST.dll
0x00007ffe57bf0000 - 0x00007ffe57c01000 	C:\WINDOWS\System32\MSASN1.dll
0x00007ffe58760000 - 0x00007ffe58929000 	C:\WINDOWS\System32\CRYPT32.dll
0x00007ffe42510000 - 0x00007ffe4256f000 	C:\Users\Clownvin\AppData\Local\Temp\lwjglClownvin\3.1.4-SNAPSHOT\lwjgl_opengl.dll
0x00007ffe32b70000 - 0x00007ffe32c91000 	C:\WINDOWS\SYSTEM32\opengl32.dll
0x00007ffe3f320000 - 0x00007ffe3f34c000 	C:\WINDOWS\SYSTEM32\GLU32.dll
0x00007ffe51840000 - 0x00007ffe519e9000 	C:\WINDOWS\SYSTEM32\dbghelp.dll

VM Arguments:
jvm_args: -Dfile.encoding=Cp1252 
java_command: test.TestGame
java_class_path (initial): U:\Workspace\LuminaEngine\bin;C:\Users\Clownvin\Desktop\jars\lwjgl\lwjgl.jar;C:\Users\Clownvin\Desktop\jars\lwjgl\lwjgl-glfw.jar;C:\Users\Clownvin\Desktop\jars\lwjgl\lwjgl-glfw-natives-windows.jar;C:\Users\Clownvin\Desktop\jars\lwjgl\lwjgl-jemalloc.jar;C:\Users\Clownvin\Desktop\jars\lwjgl\lwjgl-jemalloc-natives-windows.jar;C:\Users\Clownvin\Desktop\jars\lwjgl\lwjgl-natives-windows.jar;C:\Users\Clownvin\Desktop\jars\lwjgl\lwjgl-openal.jar;C:\Users\Clownvin\Desktop\jars\lwjgl\lwjgl-openal-natives-windows.jar;C:\Users\Clownvin\Desktop\jars\lwjgl\lwjgl-opengl.jar;C:\Users\Clownvin\Desktop\jars\lwjgl\lwjgl-opengl-natives-windows.jar;C:\Users\Clownvin\Desktop\jars\lwjgl\lwjgl-stb.jar;C:\Users\Clownvin\Desktop\jars\lwjgl\lwjgl-stb-natives-windows.jar;C:\Users\Clownvin\Desktop\lwjgl3 slick\slick-util3\slick-util3.jar;C:\Users\Clownvin\Desktop\jars\joml-1.9.6.jar
Launcher Type: SUN_STANDARD

Environment Variables:
PATH=C:/Program Files/Java/jre1.8.0_111/bin/server;C:/Program Files/Java/jre1.8.0_111/bin;C:/Program Files/Java/jre1.8.0_111/lib/amd64;C:\ProgramData\Oracle\Java\javapath;C:\Program Files (x86)\Razer Chroma SDK\bin;C:\Program Files\Razer Chroma SDK\bin;C:\Windows\system32;C:\Windows;C:\Windows\System32\Wbem;C:\Windows\System32\WindowsPowerShell\v1.0\;C:\Users\Clownvin\.dnx\bin;C:\Program Files\Microsoft DNX\Dnvm\;C:\Program Files\Microsoft SQL Server\130\Tools\Binn\;C:\WINDOWS\system32;C:\WINDOWS;C:\WINDOWS\System32\Wbem;C:\WINDOWS\System32\WindowsPowerShell\v1.0\;C:\Program Files (x86)\NVIDIA Corporation\PhysX\Common;C:\WINDOWS\system32;C:\WINDOWS;C:\WINDOWS\System32\Wbem;C:\WINDOWS\System32\WindowsPowerShell\v1.0\;C:\Program Files (x86)\Skype\Phone\;C:\WINDOWS\system32\config\systemprofile\AppData\Local\Microsoft\WindowsApps;C:\Program Files (x86)\sbt\bin;C:\Program Files\Git\cmd;C:\Users\Clownvin\AppData\Local\atom\bin;%USERPROFILE%\AppData\Local\Microsoft\WindowsApps;;C:\Users\Clownvin\Desktop\eclipse;
USERNAME=Clownvin
OS=Windows_NT
PROCESSOR_IDENTIFIER=AMD64 Family 21 Model 2 Stepping 0, AuthenticAMD



---------------  S Y S T E M  ---------------

OS: Windows 10.0 , 64 bit Build 15063 (10.0.15063.296)

CPU:total 8 (8 cores per cpu, 1 threads per core) family 21 model 2 stepping 0, cmov, cx8, fxsr, mmx, sse, sse2, sse3, ssse3, sse4.1, sse4.2, popcnt, avx, aes, clmul, mmxext, 3dnowpref, lzcnt, sse4a, tsc, tscinvbit, tscinv, bmi1

Memory: 4k page, physical 16724272k(10962528k free), swap 19214640k(8007436k free)

vm_info: Java HotSpot(TM) 64-Bit Server VM (25.111-b14) for windows-amd64 JRE (1.8.0_111-b14), built on Sep 22 2016 19:24:05 by "java_re" with MS VC++ 10.0 (VS2010)

time: Wed Nov 15 19:42:40 2017
elapsed time: 0 seconds (0d 0h 0m 0s)

