#
# A fatal error has been detected by the Java Runtime Environment:
#
#  EXCEPTION_ACCESS_VIOLATION (0xc0000005) at pc=0x00007ffe3fbc266d, pid=10172, tid=0x00000000000030f0
#
# JRE version: Java(TM) SE Runtime Environment (8.0_111-b14) (build 1.8.0_111-b14)
# Java VM: Java HotSpot(TM) 64-Bit Server VM (25.111-b14 mixed mode windows-amd64 compressed oops)
# Problematic frame:
# C  [lwjgl_opengl.dll+0x1266d]
#
# Failed to write core dump. Minidumps are not enabled by default on client versions of Windows
#
# If you would like to submit a bug report, please visit:
#   http://bugreport.java.com/bugreport/crash.jsp
# The crash happened outside the Java Virtual Machine in native code.
# See problematic frame for where to report the bug.
#

---------------  T H R E A D  ---------------

Current thread (0x000000001f8bb000):  JavaThread "Lumina Test_thread" [_thread_in_native, id=12528, stack(0x0000000029c70000,0x0000000029d70000)]

siginfo: ExceptionCode=0xc0000005, reading address 0x00000000000000e8

Registers:
RAX=0x000000006ec8ed50, RBX=0x000000001c5244c0, RCX=0x0000000000008892, RDX=0x0000000000001085
RSP=0x0000000029d6f0b8, RBP=0x0000000029d6f120, RSI=0x0000000020200021, RDI=0x0000000002ed835d
R8 =0x0000000000008892, R9 =0x0000000000001085, R10=0x0000000000000000, R11=0x000000000317fe58
R12=0x0000000000000000, R13=0x0000000029d6f140, R14=0x0000000029d6f110, R15=0x000000001f8bb000
RIP=0x00007ffe3fbc266d, EFLAGS=0x0000000000010246

Top of Stack: (sp=0x0000000029d6f0b8)
0x0000000029d6f0b8:   000000000317ff0a 000000001f8bb000
0x0000000029d6f0c8:   000000001c399a90 000000001f8bb000
0x0000000029d6f0d8:   000000006e61f1a0 000000001f8b3d90
0x0000000029d6f0e8:   000000006e5a6f4a 0000000029d6f518
0x0000000029d6f0f8:   0000000029d6f190 0000000020200021
0x0000000029d6f108:   0000000002ed835d 00000006c0c00368
0x0000000029d6f118:   0000000002ee33bd 0000000029d6f190
0x0000000029d6f128:   0000000002ed835d 0000000020200021
0x0000000029d6f138:   0000000002ed835d 0000000000001085
0x0000000029d6f148:   0000000000008892 0000000029d6f150
0x0000000029d6f158:   000000001c39535f 0000000029d6f1a0
0x0000000029d6f168:   0000000027bd2db0 0000000000000000
0x0000000029d6f178:   000000001c395390 0000000029d6f140
0x0000000029d6f188:   0000000029d6f1a0 0000000029d6f1e8
0x0000000029d6f198:   0000000002ed835d 000000076cea4a00
0x0000000029d6f1a8:   0000000029d6f1a8 000000001c39518c 

Instructions: (pc=0x00007ffe3fbc266d)
0x00007ffe3fbc264d:   88 43 00 00 cc cc cc cc cc cc cc cc cc cc cc cc
0x00007ffe3fbc265d:   cc cc cc 48 8b 01 41 8b d1 41 8b c8 4c 8b 50 18
0x00007ffe3fbc266d:   49 ff a2 e8 00 00 00 cc cc cc cc cc cc cc cc cc
0x00007ffe3fbc267d:   cc cc cc 48 8b 01 49 8b d1 41 8b c8 4c 8b 50 18 


Register to memory mapping:

RAX=0x000000006ec8ed50 is an unknown value
RBX={method} {0x000000001c5244c8} 'glBindBuffer' '(II)V' in 'org/lwjgl/opengl/GL15'
RCX=0x0000000000008892 is an unknown value
RDX=0x0000000000001085 is an unknown value
RSP=0x0000000029d6f0b8 is pointing into the stack for thread: 0x000000001f8bb000
RBP=0x0000000029d6f120 is pointing into the stack for thread: 0x000000001f8bb000
RSI=0x0000000020200021 is an unknown value
RDI=0x0000000002ed835d is at code_begin+2301 in an Interpreter codelet
invoke return entry points  [0x0000000002ed7a60, 0x0000000002ed8440]  2528 bytes
R8 =0x0000000000008892 is an unknown value
R9 =0x0000000000001085 is an unknown value
R10=0x0000000000000000 is an unknown value
R11=0x000000000317fe58 is at entry_point+24 in (nmethod*)0x000000000317fcd0
R12=0x0000000000000000 is an unknown value
R13=0x0000000029d6f140 is pointing into the stack for thread: 0x000000001f8bb000
R14=0x0000000029d6f110 is pointing into the stack for thread: 0x000000001f8bb000
R15=0x000000001f8bb000 is a thread


Stack: [0x0000000029c70000,0x0000000029d70000],  sp=0x0000000029d6f0b8,  free space=1020k
Native frames: (J=compiled Java code, j=interpreted, Vv=VM code, C=native code)
C  [lwjgl_opengl.dll+0x1266d]

Java frames: (J=compiled Java code, j=interpreted, Vv=VM code)
J 625  org.lwjgl.opengl.GL15.glBindBuffer(II)V (0 bytes) @ 0x000000000317fe84 [0x000000000317fe40+0x44]
j  com.clownvin.lumina.entity.Entity.updateVertices()V+23
j  com.clownvin.lumina.entity.Entity.move(Lorg/joml/Vector2f;)V+44
j  test.TestGame.onUpdate()V+27
j  com.clownvin.lumina.Game.run()V+24
j  java.lang.Thread.run()V+11
v  ~StubRoutines::call_stub

---------------  P R O C E S S  ---------------

Java Threads: ( => current thread )
  0x000000001f8bc800 JavaThread "Java2D Disposer" daemon [_thread_blocked, id=8556, stack(0x000000002a0a0000,0x000000002a1a0000)]
=>0x000000001f8bb000 JavaThread "Lumina Test_thread" [_thread_in_native, id=12528, stack(0x0000000029c70000,0x0000000029d70000)]
  0x0000000002dd0800 JavaThread "DestroyJavaVM" [_thread_blocked, id=9080, stack(0x0000000002cd0000,0x0000000002dd0000)]
  0x000000001f71c800 JavaThread "LuminaEngine" [_thread_blocked, id=14132, stack(0x000000001fe40000,0x000000001ff40000)]
  0x000000001e916000 JavaThread "Service Thread" daemon [_thread_blocked, id=408, stack(0x000000001f440000,0x000000001f540000)]
  0x000000001e890000 JavaThread "C1 CompilerThread3" daemon [_thread_blocked, id=10708, stack(0x000000001f340000,0x000000001f440000)]
  0x000000001e880800 JavaThread "C2 CompilerThread2" daemon [_thread_blocked, id=14152, stack(0x000000001f240000,0x000000001f340000)]
  0x000000001e87d800 JavaThread "C2 CompilerThread1" daemon [_thread_blocked, id=10620, stack(0x000000001f140000,0x000000001f240000)]
  0x000000001e879000 JavaThread "C2 CompilerThread0" daemon [_thread_blocked, id=13644, stack(0x000000001f040000,0x000000001f140000)]
  0x000000001e877800 JavaThread "Attach Listener" daemon [_thread_blocked, id=128, stack(0x000000001ef40000,0x000000001f040000)]
  0x000000001c98e800 JavaThread "Signal Dispatcher" daemon [_thread_blocked, id=14588, stack(0x000000001ee40000,0x000000001ef40000)]
  0x000000001e870800 JavaThread "Finalizer" daemon [_thread_blocked, id=11316, stack(0x000000001ec50000,0x000000001ed50000)]
  0x0000000002ec6000 JavaThread "Reference Handler" daemon [_thread_blocked, id=10084, stack(0x000000001e750000,0x000000001e850000)]

Other Threads:
  0x000000001c979000 VMThread [stack: 0x000000001e650000,0x000000001e750000] [id=11944]
  0x000000001e934800 WatcherThread [stack: 0x000000001f540000,0x000000001f640000] [id=14348]

VM state:not at safepoint (normal execution)

VM Mutex/Monitor currently owned by a thread: None

Heap:
 PSYoungGen      total 76288K, used 53027K [0x000000076af00000, 0x0000000770400000, 0x00000007c0000000)
  eden space 65536K, 64% used [0x000000076af00000,0x000000076d84f058,0x000000076ef00000)
  from space 10752K, 99% used [0x000000076ef00000,0x000000076f979e60,0x000000076f980000)
  to   space 10752K, 0% used [0x000000076f980000,0x000000076f980000,0x0000000770400000)
 ParOldGen       total 175104K, used 18265K [0x00000006c0c00000, 0x00000006cb700000, 0x000000076af00000)
  object space 175104K, 10% used [0x00000006c0c00000,0x00000006c1dd66c0,0x00000006cb700000)
 Metaspace       used 11649K, capacity 11865K, committed 12160K, reserved 1060864K
  class space    used 995K, capacity 1069K, committed 1152K, reserved 1048576K

Card table byte_map: [0x0000000012290000,0x0000000012a90000] byte_map_base: 0x000000000ec8a000

Marking Bits: (ParMarkBitMap*) 0x000000006ed0a6c0
 Begin Bits: [0x00000000137f0000, 0x00000000177c0000)
 End Bits:   [0x00000000177c0000, 0x000000001b790000)

Polling page: 0x0000000001340000

CodeCache: size=245760Kb used=3204Kb max_used=3213Kb free=242555Kb
 bounds [0x0000000002ed0000, 0x0000000003200000, 0x0000000011ed0000]
 total_blobs=1707 nmethods=790 adapters=831
 compilation: enabled

Compilation events (10 events):
Event: 2.223 Thread 0x000000001e890000  786       3       java.lang.System$2::invokeFinalize (5 bytes)
Event: 2.223 Thread 0x000000001e890000 nmethod 786 0x00000000031e9c50 code [0x00000000031e9dc0, 0x00000000031e9fe8]
Event: 2.224 Thread 0x000000001e87d800  787 %     4       java.awt.image.BufferedImage::getRGB @ 173 (231 bytes)
Event: 2.248 Thread 0x000000001e87d800 nmethod 787% 0x00000000031ee250 code [0x00000000031ee400, 0x00000000031ef988]
Event: 2.249 Thread 0x000000001e880800  788       4       java.awt.image.BufferedImage::getRGB (231 bytes)
Event: 2.267 Thread 0x000000001e880800 nmethod 788 0x00000000031f0ad0 code [0x00000000031f0ca0, 0x00000000031f2188]
Event: 2.310 Thread 0x000000001e879000  789 % !   4       com.clownvin.lumina.res.ResourceManager::loadTexture @ 108 (288 bytes)
Event: 2.321 Thread 0x000000001e879000 nmethod 789% 0x00000000031ebd10 code [0x00000000031ebee0, 0x00000000031ec7f0]
Event: 2.321 Thread 0x000000001e87d800  790   !   4       com.clownvin.lumina.res.ResourceManager::loadTexture (288 bytes)
Event: 2.347 Thread 0x000000001e87d800 nmethod 790 0x00000000031f3390 code [0x00000000031f3680, 0x00000000031f4ae8]

GC Heap History (2 events):
Event: 2.200 GC heap before
{Heap before GC invocations=1 (full 0):
 PSYoungGen      total 76288K, used 41678K [0x000000076af00000, 0x0000000770400000, 0x00000007c0000000)
  eden space 65536K, 63% used [0x000000076af00000,0x000000076d7b39b0,0x000000076ef00000)
  from space 10752K, 0% used [0x000000076f980000,0x000000076f980000,0x0000000770400000)
  to   space 10752K, 0% used [0x000000076ef00000,0x000000076ef00000,0x000000076f980000)
 ParOldGen       total 175104K, used 0K [0x00000006c0c00000, 0x00000006cb700000, 0x000000076af00000)
  object space 175104K, 0% used [0x00000006c0c00000,0x00000006c0c00000,0x00000006cb700000)
 Metaspace       used 11638K, capacity 11865K, committed 12160K, reserved 1060864K
  class space    used 994K, capacity 1069K, committed 1152K, reserved 1048576K
Event: 2.217 GC heap after
Heap after GC invocations=1 (full 0):
 PSYoungGen      total 76288K, used 10727K [0x000000076af00000, 0x0000000770400000, 0x00000007c0000000)
  eden space 65536K, 0% used [0x000000076af00000,0x000000076af00000,0x000000076ef00000)
  from space 10752K, 99% used [0x000000076ef00000,0x000000076f979e60,0x000000076f980000)
  to   space 10752K, 0% used [0x000000076f980000,0x000000076f980000,0x0000000770400000)
 ParOldGen       total 175104K, used 18265K [0x00000006c0c00000, 0x00000006cb700000, 0x000000076af00000)
  object space 175104K, 10% used [0x00000006c0c00000,0x00000006c1dd66c0,0x00000006cb700000)
 Metaspace       used 11638K, capacity 11865K, committed 12160K, reserved 1060864K
  class space    used 994K, capacity 1069K, committed 1152K, reserved 1048576K
}

Deoptimization events (0 events):
No events

Internal exceptions (10 events):
Event: 0.123 Thread 0x0000000002dd0800 Exception <a 'java/lang/NoSuchMethodError': java.lang.Object.lambda$static$0(Ljava/lang/String;)Ljava/lang/Boolean;> (0x000000076b19e060) thrown at [C:\re\workspace\8-2-build-windows-amd64-cygwin\jdk8u111\7883\hotspot\src\share\vm\interpreter\linkResolver
Event: 0.135 Thread 0x0000000002dd0800 Exception <a 'java/lang/NoSuchFieldError': method resolution failed> (0x000000076b215e98) thrown at [C:\re\workspace\8-2-build-windows-amd64-cygwin\jdk8u111\7883\hotspot\src\share\vm\prims\methodHandles.cpp, line 1146]
Event: 0.137 Thread 0x0000000002dd0800 Exception <a 'java/lang/NoSuchFieldError': method resolution failed> (0x000000076b223298) thrown at [C:\re\workspace\8-2-build-windows-amd64-cygwin\jdk8u111\7883\hotspot\src\share\vm\prims\methodHandles.cpp, line 1146]
Event: 0.180 Thread 0x0000000002dd0800 Exception <a 'java/security/PrivilegedActionException'> (0x000000076b39ba88) thrown at [C:\re\workspace\8-2-build-windows-amd64-cygwin\jdk8u111\7883\hotspot\src\share\vm\prims\jvm.cpp, line 1386]
Event: 0.180 Thread 0x0000000002dd0800 Exception <a 'java/security/PrivilegedActionException'> (0x000000076b39bc98) thrown at [C:\re\workspace\8-2-build-windows-amd64-cygwin\jdk8u111\7883\hotspot\src\share\vm\prims\jvm.cpp, line 1386]
Event: 0.181 Thread 0x0000000002dd0800 Exception <a 'java/security/PrivilegedActionException'> (0x000000076b39fac8) thrown at [C:\re\workspace\8-2-build-windows-amd64-cygwin\jdk8u111\7883\hotspot\src\share\vm\prims\jvm.cpp, line 1386]
Event: 0.181 Thread 0x0000000002dd0800 Exception <a 'java/security/PrivilegedActionException'> (0x000000076b39fcd8) thrown at [C:\re\workspace\8-2-build-windows-amd64-cygwin\jdk8u111\7883\hotspot\src\share\vm\prims\jvm.cpp, line 1386]
Event: 1.640 Thread 0x000000001f71c800 Exception <a 'sun/nio/fs/WindowsException'> (0x000000076b72ad30) thrown at [C:\re\workspace\8-2-build-windows-amd64-cygwin\jdk8u111\7883\hotspot\src\share\vm\prims\jni.cpp, line 709]
Event: 1.640 Thread 0x000000001f71c800 Exception <a 'sun/nio/fs/WindowsException'> (0x000000076b72b550) thrown at [C:\re\workspace\8-2-build-windows-amd64-cygwin\jdk8u111\7883\hotspot\src\share\vm\prims\jni.cpp, line 709]
Event: 2.075 Thread 0x000000001f71c800 Exception <a 'java/io/FileNotFoundException'> (0x000000076c274100) thrown at [C:\re\workspace\8-2-build-windows-amd64-cygwin\jdk8u111\7883\hotspot\src\share\vm\prims\jni.cpp, line 709]

Events (10 events):
Event: 2.159 Thread 0x000000001f71c800 DEOPT PACKING pc=0x00000000031af3ee sp=0x000000001ff3ea70
Event: 2.159 Thread 0x000000001f71c800 DEOPT UNPACKING pc=0x0000000002f1747f sp=0x000000001ff3e7b8 mode 0
Event: 2.200 Executing VM operation: ParallelGCFailedAllocation
Event: 2.217 Executing VM operation: ParallelGCFailedAllocation done
Event: 2.249 Thread 0x000000001f71c800 DEOPT PACKING pc=0x00000000031cddb5 sp=0x000000001ff3ee90
Event: 2.249 Thread 0x000000001f71c800 DEOPT UNPACKING pc=0x0000000002f1747f sp=0x000000001ff3ebf8 mode 0
Event: 2.321 Thread 0x000000001f71c800 DEOPT PACKING pc=0x00000000031d6573 sp=0x000000001ff3ef80
Event: 2.321 Thread 0x000000001f71c800 DEOPT UNPACKING pc=0x0000000002f1747f sp=0x000000001ff3ee00 mode 0
Event: 2.406 loading class com/clownvin/lumina/res/Animation
Event: 2.406 loading class com/clownvin/lumina/res/Animation done


Dynamic libraries:
0x00007ff6015b0000 - 0x00007ff6015e7000 	C:\Program Files\Java\jre1.8.0_111\bin\javaw.exe
0x00007ffe5b6f0000 - 0x00007ffe5b8cb000 	C:\WINDOWS\SYSTEM32\ntdll.dll
0x00007ffe5b290000 - 0x00007ffe5b33e000 	C:\WINDOWS\System32\KERNEL32.DLL
0x00007ffe57c10000 - 0x00007ffe57e59000 	C:\WINDOWS\System32\KERNELBASE.dll
0x00007ffe59430000 - 0x00007ffe594d1000 	C:\WINDOWS\System32\ADVAPI32.dll
0x00007ffe5b340000 - 0x00007ffe5b3dd000 	C:\WINDOWS\System32\msvcrt.dll
0x00007ffe593d0000 - 0x00007ffe59429000 	C:\WINDOWS\System32\sechost.dll
0x00007ffe596d0000 - 0x00007ffe597f5000 	C:\WINDOWS\System32\RPCRT4.dll
0x00007ffe58cb0000 - 0x00007ffe58dfa000 	C:\WINDOWS\System32\USER32.dll
0x00007ffe58b80000 - 0x00007ffe58b9e000 	C:\WINDOWS\System32\win32u.dll
0x00007ffe594f0000 - 0x00007ffe59517000 	C:\WINDOWS\System32\GDI32.dll
0x00007ffe57e60000 - 0x00007ffe57fe7000 	C:\WINDOWS\System32\gdi32full.dll
0x00007ffe58930000 - 0x00007ffe589ca000 	C:\WINDOWS\System32\msvcp_win.dll
0x00007ffe58a80000 - 0x00007ffe58b76000 	C:\WINDOWS\System32\ucrtbase.dll
0x00007ffe49d40000 - 0x00007ffe49fa7000 	C:\WINDOWS\WinSxS\amd64_microsoft.windows.common-controls_6595b64144ccf1df_6.0.15063.483_none_26002d27e7c744a2\COMCTL32.dll
0x00007ffe5b3e0000 - 0x00007ffe5b6d9000 	C:\WINDOWS\System32\combase.dll
0x00007ffe57ff0000 - 0x00007ffe5805a000 	C:\WINDOWS\System32\bcryptPrimitives.dll
0x00007ffe595a0000 - 0x00007ffe595cd000 	C:\WINDOWS\System32\IMM32.DLL
0x000000006e2f0000 - 0x000000006e3c2000 	C:\Program Files\Java\jre1.8.0_111\bin\msvcr100.dll
0x000000006e4f0000 - 0x000000006ed8a000 	C:\Program Files\Java\jre1.8.0_111\bin\server\jvm.dll
0x00007ffe594e0000 - 0x00007ffe594e8000 	C:\WINDOWS\System32\PSAPI.DLL
0x00007ffe4daf0000 - 0x00007ffe4db13000 	C:\WINDOWS\SYSTEM32\WINMM.dll
0x00007ffe479c0000 - 0x00007ffe479c9000 	C:\WINDOWS\SYSTEM32\WSOCK32.dll
0x00007ffe53b40000 - 0x00007ffe53b4a000 	C:\WINDOWS\SYSTEM32\VERSION.dll
0x00007ffe59530000 - 0x00007ffe5959c000 	C:\WINDOWS\System32\WS2_32.dll
0x00007ffe4d5b0000 - 0x00007ffe4d5db000 	C:\WINDOWS\SYSTEM32\WINMMBASE.dll
0x00007ffe58c00000 - 0x00007ffe58c49000 	C:\WINDOWS\System32\cfgmgr32.dll
0x000000006e4e0000 - 0x000000006e4ef000 	C:\Program Files\Java\jre1.8.0_111\bin\verify.dll
0x000000006e4b0000 - 0x000000006e4d9000 	C:\Program Files\Java\jre1.8.0_111\bin\java.dll
0x000000006e490000 - 0x000000006e4a6000 	C:\Program Files\Java\jre1.8.0_111\bin\zip.dll
0x00007ffe59cb0000 - 0x00007ffe5b0e7000 	C:\WINDOWS\System32\SHELL32.dll
0x00007ffe58e00000 - 0x00007ffe58eaa000 	C:\WINDOWS\System32\shcore.dll
0x00007ffe58060000 - 0x00007ffe58751000 	C:\WINDOWS\System32\windows.storage.dll
0x00007ffe59670000 - 0x00007ffe596c1000 	C:\WINDOWS\System32\shlwapi.dll
0x00007ffe57b80000 - 0x00007ffe57b91000 	C:\WINDOWS\System32\kernel.appcore.dll
0x00007ffe57ba0000 - 0x00007ffe57bec000 	C:\WINDOWS\System32\powrprof.dll
0x00007ffe57b60000 - 0x00007ffe57b75000 	C:\WINDOWS\System32\profapi.dll
0x000000006e470000 - 0x000000006e48a000 	C:\Program Files\Java\jre1.8.0_111\bin\net.dll
0x00007ffe57470000 - 0x00007ffe574cc000 	C:\WINDOWS\system32\mswsock.dll
0x000000006e450000 - 0x000000006e461000 	C:\Program Files\Java\jre1.8.0_111\bin\nio.dll
0x00007ffe430d0000 - 0x00007ffe43128000 	C:\Users\Clownvin\AppData\Local\Temp\lwjglClownvin\3.1.4-SNAPSHOT\lwjgl.dll
0x00007ffe4ba90000 - 0x00007ffe4badd000 	C:\Users\Clownvin\AppData\Local\Temp\lwjglClownvin\3.1.4-SNAPSHOT\glfw.dll
0x00007ffe56460000 - 0x00007ffe564f5000 	C:\WINDOWS\system32\uxtheme.dll
0x00007ffe40130000 - 0x00007ffe40172000 	C:\WINDOWS\SYSTEM32\dinput8.dll
0x00007ffe553a0000 - 0x00007ffe553ae000 	C:\WINDOWS\SYSTEM32\xinput1_4.dll
0x00007ffe56520000 - 0x00007ffe56548000 	C:\WINDOWS\SYSTEM32\DEVOBJ.dll
0x00007ffe4b5d0000 - 0x00007ffe4b5fa000 	C:\WINDOWS\SYSTEM32\dwmapi.dll
0x00007ffe59800000 - 0x00007ffe59966000 	C:\WINDOWS\System32\MSCTF.dll
0x00007ffe58eb0000 - 0x00007ffe58f70000 	C:\WINDOWS\System32\OLEAUT32.dll
0x00007ffe3fde0000 - 0x00007ffe3fe28000 	U:\Programs\TeamViewer\tv_x64.dll
0x00007ffe59b60000 - 0x00007ffe59ca5000 	C:\WINDOWS\System32\ole32.dll
0x00007ffe56a20000 - 0x00007ffe56a2d000 	C:\WINDOWS\SYSTEM32\HID.DLL
0x00007ffe58f90000 - 0x00007ffe593cb000 	C:\WINDOWS\System32\SETUPAPI.DLL
0x00007ffe58ba0000 - 0x00007ffe58bf6000 	C:\WINDOWS\System32\WINTRUST.dll
0x00007ffe57bf0000 - 0x00007ffe57c01000 	C:\WINDOWS\System32\MSASN1.dll
0x00007ffe58760000 - 0x00007ffe58929000 	C:\WINDOWS\System32\CRYPT32.dll
0x00007ffe32b70000 - 0x00007ffe32c91000 	C:\WINDOWS\SYSTEM32\opengl32.dll
0x00007ffe3f320000 - 0x00007ffe3f34c000 	C:\WINDOWS\SYSTEM32\GLU32.dll
0x000000006bb50000 - 0x000000006ddb9000 	C:\WINDOWS\SYSTEM32\nvoglv64.DLL
0x00007ffe54a40000 - 0x00007ffe54a53000 	C:\WINDOWS\SYSTEM32\WTSAPI32.dll
0x00007ffe56d40000 - 0x00007ffe56d71000 	C:\WINDOWS\SYSTEM32\ntmarta.dll
0x00007ffe43ea0000 - 0x00007ffe4405d000 	C:\WINDOWS\system32\nvspcap64.dll
0x00007ffe571b0000 - 0x00007ffe57205000 	C:\WINDOWS\SYSTEM32\WINSTA.dll
0x00007ffe4c640000 - 0x00007ffe4c6c2000 	C:\WINDOWS\System32\TextInputFramework.dll
0x00007ffe556a0000 - 0x00007ffe55783000 	C:\WINDOWS\System32\CoreMessaging.dll
0x00007ffe4a3f0000 - 0x00007ffe4a6c2000 	C:\WINDOWS\System32\CoreUIComponents.dll
0x00007ffe52240000 - 0x00007ffe52379000 	C:\WINDOWS\SYSTEM32\wintypes.dll
0x00007ffe4bd60000 - 0x00007ffe4bd75000 	C:\WINDOWS\SYSTEM32\usermgrcli.dll
0x00007ffe3fbb0000 - 0x00007ffe3fc0f000 	C:\Users\Clownvin\AppData\Local\Temp\lwjglClownvin\3.1.4-SNAPSHOT\lwjgl_opengl.dll
0x000000006b730000 - 0x000000006b8c8000 	C:\Program Files\Java\jre1.8.0_111\bin\awt.dll
0x00007ffe562b0000 - 0x00007ffe5632e000 	C:\WINDOWS\SYSTEM32\apphelp.dll
0x00007ffe51840000 - 0x00007ffe519e9000 	C:\WINDOWS\SYSTEM32\dbghelp.dll

VM Arguments:
jvm_args: -Dfile.encoding=Cp1252 
java_command: test.TestGame
java_class_path (initial): U:\Workspace\LuminaEngine\bin;U:\Workspace\LuminaEngine\lib\joml-1.9.6.jar;U:\Workspace\LuminaEngine\lib\lwjgl.jar;U:\Workspace\LuminaEngine\lib\lwjgl-glfw.jar;U:\Workspace\LuminaEngine\lib\lwjgl-glfw-natives-windows.jar;U:\Workspace\LuminaEngine\lib\lwjgl-natives-windows.jar;U:\Workspace\LuminaEngine\lib\lwjgl-opengl.jar;U:\Workspace\LuminaEngine\lib\lwjgl-opengl-natives-windows.jar
Launcher Type: SUN_STANDARD

Environment Variables:
PATH=C:/Program Files/Java/jre1.8.0_111/bin/server;C:/Program Files/Java/jre1.8.0_111/bin;C:/Program Files/Java/jre1.8.0_111/lib/amd64;C:\ProgramData\Oracle\Java\javapath;C:\Program Files (x86)\Razer Chroma SDK\bin;C:\Program Files\Razer Chroma SDK\bin;C:\Windows\system32;C:\Windows;C:\Windows\System32\Wbem;C:\Windows\System32\WindowsPowerShell\v1.0\;C:\Users\Clownvin\.dnx\bin;C:\Program Files\Microsoft DNX\Dnvm\;C:\Program Files\Microsoft SQL Server\130\Tools\Binn\;C:\WINDOWS\system32;C:\WINDOWS;C:\WINDOWS\System32\Wbem;C:\WINDOWS\System32\WindowsPowerShell\v1.0\;C:\Program Files (x86)\NVIDIA Corporation\PhysX\Common;C:\WINDOWS\system32;C:\WINDOWS;C:\WINDOWS\System32\Wbem;C:\WINDOWS\System32\WindowsPowerShell\v1.0\;C:\Program Files (x86)\Skype\Phone\;C:\WINDOWS\system32\config\systemprofile\AppData\Local\Microsoft\WindowsApps;C:\Program Files (x86)\sbt\bin;C:\Program Files\Git\cmd;C:\Users\Clownvin\AppData\Local\atom\bin;%USERPROFILE%\AppData\Local\Microsoft\WindowsApps;;C:\Users\Clownvin\Desktop\eclipse;
USERNAME=Clownvin
OS=Windows_NT
PROCESSOR_IDENTIFIER=AMD64 Family 21 Model 2 Stepping 0, AuthenticAMD



---------------  S Y S T E M  ---------------

OS: Windows 10.0 , 64 bit Build 15063 (10.0.15063.296)

CPU:total 8 (8 cores per cpu, 1 threads per core) family 21 model 2 stepping 0, cmov, cx8, fxsr, mmx, sse, sse2, sse3, ssse3, sse4.1, sse4.2, popcnt, avx, aes, clmul, mmxext, 3dnowpref, lzcnt, sse4a, tsc, tscinvbit, tscinv, bmi1

Memory: 4k page, physical 16724272k(10052380k free), swap 19214640k(8173368k free)

vm_info: Java HotSpot(TM) 64-Bit Server VM (25.111-b14) for windows-amd64 JRE (1.8.0_111-b14), built on Sep 22 2016 19:24:05 by "java_re" with MS VC++ 10.0 (VS2010)

time: Fri Nov 17 14:04:31 2017
elapsed time: 2 seconds (0d 0h 0m 2s)

