#
# A fatal error has been detected by the Java Runtime Environment:
#
#  EXCEPTION_ACCESS_VIOLATION (0xc0000005) at pc=0x00007ffe3f76266d, pid=10604, tid=0x0000000000003204
#
# JRE version: Java(TM) SE Runtime Environment (8.0_111-b14) (build 1.8.0_111-b14)
# Java VM: Java HotSpot(TM) 64-Bit Server VM (25.111-b14 mixed mode windows-amd64 compressed oops)
# Problematic frame:
# C  [lwjgl_opengl.dll+0x1266d]
#
# Failed to write core dump. Minidumps are not enabled by default on client versions of Windows
#
# If you would like to submit a bug report, please visit:
#   http://bugreport.java.com/bugreport/crash.jsp
# The crash happened outside the Java Virtual Machine in native code.
# See problematic frame for where to report the bug.
#

---------------  T H R E A D  ---------------

Current thread (0x000000001eff9800):  JavaThread "Lumina Test_thread" [_thread_in_native, id=12804, stack(0x00000000272e0000,0x00000000273e0000)]

siginfo: ExceptionCode=0xc0000005, reading address 0x00000000000000e8

Registers:
RAX=0x000000006ec8ed50, RBX=0x000000001baef738, RCX=0x0000000000008892, RDX=0x0000000000000003
RSP=0x00000000273df498, RBP=0x00000000273df510, RSI=0x0000000020200021, RDI=0x000000000249835d
R8 =0x0000000000008892, R9 =0x0000000000000003, R10=0x0000000000000000, R11=0x000000006e71b580
R12=0x0000000000000000, R13=0x000000001baef730, R14=0x00000000273df538, R15=0x000000001eff9800
RIP=0x00007ffe3f76266d, EFLAGS=0x0000000000010202

Top of Stack: (sp=0x00000000273df498)
0x00000000273df498:   00000000024a7934 000000002723dfa0
0x00000000273df4a8:   000000006e61c974 000000001eff9800
0x00000000273df4b8:   000000001b954530 000000001eff9800
0x00000000273df4c8:   000000006e61f1a0 00000000273df4d0
0x00000000273df4d8:   0000000000000000 00000000273df538
0x00000000273df4e8:   000000001baf4b08 0000000000000000
0x00000000273df4f8:   000000001baef738 0000000000000000
0x00000000273df508:   00000000273df530 00000000273df580
0x00000000273df518:   000000000249835d 000000076b8933e8
0x00000000273df528:   00000000024a19d8 0000000000000003
0x00000000273df538:   0000000000008892 00000000273df540
0x00000000273df548:   000000002723df6f 00000000273df590
0x00000000273df558:   000000002723e140 0000000000000000
0x00000000273df568:   000000002723dfa0 00000000273df530
0x00000000273df578:   00000000273df590 00000000273df5d8
0x00000000273df588:   000000000249835d 000000076c0c3828 

Instructions: (pc=0x00007ffe3f76266d)
0x00007ffe3f76264d:   88 43 00 00 cc cc cc cc cc cc cc cc cc cc cc cc
0x00007ffe3f76265d:   cc cc cc 48 8b 01 41 8b d1 41 8b c8 4c 8b 50 18
0x00007ffe3f76266d:   49 ff a2 e8 00 00 00 cc cc cc cc cc cc cc cc cc
0x00007ffe3f76267d:   cc cc cc 48 8b 01 49 8b d1 41 8b c8 4c 8b 50 18 


Register to memory mapping:

RAX=0x000000006ec8ed50 is an unknown value
RBX={method} {0x000000001baef740} 'glBindBuffer' '(II)V' in 'org/lwjgl/opengl/GL15'
RCX=0x0000000000008892 is an unknown value
RDX=0x0000000000000003 is an unknown value
RSP=0x00000000273df498 is pointing into the stack for thread: 0x000000001eff9800
RBP=0x00000000273df510 is pointing into the stack for thread: 0x000000001eff9800
RSI=0x0000000020200021 is an unknown value
RDI=0x000000000249835d is at code_begin+2301 in an Interpreter codelet
invoke return entry points  [0x0000000002497a60, 0x0000000002498440]  2528 bytes
R8 =0x0000000000008892 is an unknown value
R9 =0x0000000000000003 is an unknown value
R10=0x0000000000000000 is an unknown value
R11=0x000000006e71b580 is an unknown value
R12=0x0000000000000000 is an unknown value
R13=0x000000001baef730 is pointing into metadata
R14=0x00000000273df538 is pointing into the stack for thread: 0x000000001eff9800
R15=0x000000001eff9800 is a thread


Stack: [0x00000000272e0000,0x00000000273e0000],  sp=0x00000000273df498,  free space=1021k
Native frames: (J=compiled Java code, j=interpreted, Vv=VM code, C=native code)
C  [lwjgl_opengl.dll+0x1266d]

Java frames: (J=compiled Java code, j=interpreted, Vv=VM code)
j  org.lwjgl.opengl.GL15.glBindBuffer(II)V+0
j  com.clownvin.lumina.entity.Entity.updateVertices()V+23
j  com.clownvin.lumina.entity.Entity.move(Lorg/joml/Vector2f;)V+44
j  test.TestGame.onUpdate()V+27
j  com.clownvin.lumina.Game.run()V+20
j  java.lang.Thread.run()V+11
v  ~StubRoutines::call_stub

---------------  P R O C E S S  ---------------

Java Threads: ( => current thread )
=>0x000000001eff9800 JavaThread "Lumina Test_thread" [_thread_in_native, id=12804, stack(0x00000000272e0000,0x00000000273e0000)]
  0x00000000022b0800 JavaThread "DestroyJavaVM" [_thread_blocked, id=14748, stack(0x0000000002170000,0x0000000002270000)]
  0x000000001ed0a000 JavaThread "LuminaEngine" [_thread_blocked, id=14948, stack(0x000000001f400000,0x000000001f500000)]
  0x000000001dedd000 JavaThread "Service Thread" daemon [_thread_blocked, id=14296, stack(0x000000001ea00000,0x000000001eb00000)]
  0x000000001de4d800 JavaThread "C1 CompilerThread3" daemon [_thread_blocked, id=7764, stack(0x000000001e900000,0x000000001ea00000)]
  0x000000001de46800 JavaThread "C2 CompilerThread2" daemon [_thread_blocked, id=8112, stack(0x000000001e800000,0x000000001e900000)]
  0x000000001de3c800 JavaThread "C2 CompilerThread1" daemon [_thread_blocked, id=14500, stack(0x000000001e700000,0x000000001e800000)]
  0x000000001de39000 JavaThread "C2 CompilerThread0" daemon [_thread_blocked, id=1740, stack(0x000000001e600000,0x000000001e700000)]
  0x000000001de38000 JavaThread "Attach Listener" daemon [_thread_blocked, id=992, stack(0x000000001e500000,0x000000001e600000)]
  0x000000001de35000 JavaThread "Signal Dispatcher" daemon [_thread_blocked, id=8680, stack(0x000000001e400000,0x000000001e500000)]
  0x000000001bf43000 JavaThread "Finalizer" daemon [_thread_blocked, id=1580, stack(0x000000001e210000,0x000000001e310000)]
  0x00000000023a7000 JavaThread "Reference Handler" daemon [_thread_blocked, id=1660, stack(0x000000001dd10000,0x000000001de10000)]

Other Threads:
  0x000000001bf38800 VMThread [stack: 0x000000001dc10000,0x000000001dd10000] [id=15312]
  0x000000001df00800 WatcherThread [stack: 0x000000001eb00000,0x000000001ec00000] [id=10912]

VM state:not at safepoint (normal execution)

VM Mutex/Monitor currently owned by a thread: None

Heap:
 PSYoungGen      total 76288K, used 18401K [0x000000076af00000, 0x0000000770400000, 0x00000007c0000000)
  eden space 65536K, 28% used [0x000000076af00000,0x000000076c0f8450,0x000000076ef00000)
  from space 10752K, 0% used [0x000000076f980000,0x000000076f980000,0x0000000770400000)
  to   space 10752K, 0% used [0x000000076ef00000,0x000000076ef00000,0x000000076f980000)
 ParOldGen       total 175104K, used 0K [0x00000006c0c00000, 0x00000006cb700000, 0x000000076af00000)
  object space 175104K, 0% used [0x00000006c0c00000,0x00000006c0c00000,0x00000006cb700000)
 Metaspace       used 10332K, capacity 10581K, committed 10752K, reserved 1058816K
  class space    used 862K, capacity 939K, committed 1024K, reserved 1048576K

Card table byte_map: [0x0000000011850000,0x0000000012050000] byte_map_base: 0x000000000e24a000

Marking Bits: (ParMarkBitMap*) 0x000000006ed0a6c0
 Begin Bits: [0x0000000012db0000, 0x0000000016d80000)
 End Bits:   [0x0000000016d80000, 0x000000001ad50000)

Polling page: 0x0000000000460000

CodeCache: size=245760Kb used=2732Kb max_used=2742Kb free=243027Kb
 bounds [0x0000000002490000, 0x0000000002740000, 0x0000000011490000]
 total_blobs=1499 nmethods=620 adapters=793
 compilation: enabled

Compilation events (10 events):
Event: 1.955 Thread 0x000000001de4d800 nmethod 615 0x000000000272f490 code [0x000000000272f600, 0x000000000272f8b0]
Event: 1.955 Thread 0x000000001de4d800  616       1       java.lang.reflect.Field::getName (5 bytes)
Event: 1.956 Thread 0x000000001de4d800 nmethod 616 0x000000000272f190 code [0x000000000272f2e0, 0x000000000272f3f0]
Event: 1.963 Thread 0x000000001de39000 nmethod 614 0x000000000273a2d0 code [0x000000000273a4e0, 0x000000000273b660]
Event: 1.980 Thread 0x000000001de4d800  618       3       java.util.zip.ZipFile$ZipFileInflaterInputStream::fill (80 bytes)
Event: 1.980 Thread 0x000000001de4d800 nmethod 618 0x0000000002736610 code [0x00000000027367a0, 0x0000000002736b88]
Event: 1.980 Thread 0x000000001de4d800  619   !   3       java.util.zip.Inflater::setInput (74 bytes)
Event: 1.980 Thread 0x000000001de4d800 nmethod 619 0x0000000002735d50 code [0x0000000002735ee0, 0x0000000002736418]
Event: 1.992 Thread 0x000000001de46800  620       4       java.nio.Bits::byteOrder (20 bytes)
Event: 1.992 Thread 0x000000001de46800 nmethod 620 0x0000000002735310 code [0x0000000002735440, 0x0000000002735498]

GC Heap History (0 events):
No events

Deoptimization events (0 events):
No events

Internal exceptions (10 events):
Event: 0.029 Thread 0x00000000022b0800 Exception <a 'java/lang/NoSuchMethodError': Method sun.misc.Unsafe.prefetchRead(Ljava/lang/Object;J)V name or signature does not match> (0x000000076af07f60) thrown at [C:\re\workspace\8-2-build-windows-amd64-cygwin\jdk8u111\7883\hotspot\src\share\vm\prims
Event: 0.120 Thread 0x00000000022b0800 Exception <a 'java/lang/NoSuchMethodError': java.lang.Object.lambda$static$0(Ljava/lang/String;)Ljava/lang/Boolean;> (0x000000076b045a28) thrown at [C:\re\workspace\8-2-build-windows-amd64-cygwin\jdk8u111\7883\hotspot\src\share\vm\interpreter\linkResolver
Event: 0.134 Thread 0x00000000022b0800 Exception <a 'java/lang/NoSuchFieldError': method resolution failed> (0x000000076b205368) thrown at [C:\re\workspace\8-2-build-windows-amd64-cygwin\jdk8u111\7883\hotspot\src\share\vm\prims\methodHandles.cpp, line 1146]
Event: 0.135 Thread 0x00000000022b0800 Exception <a 'java/lang/NoSuchFieldError': method resolution failed> (0x000000076b212768) thrown at [C:\re\workspace\8-2-build-windows-amd64-cygwin\jdk8u111\7883\hotspot\src\share\vm\prims\methodHandles.cpp, line 1146]
Event: 0.183 Thread 0x00000000022b0800 Exception <a 'java/security/PrivilegedActionException'> (0x000000076b387498) thrown at [C:\re\workspace\8-2-build-windows-amd64-cygwin\jdk8u111\7883\hotspot\src\share\vm\prims\jvm.cpp, line 1386]
Event: 0.183 Thread 0x00000000022b0800 Exception <a 'java/security/PrivilegedActionException'> (0x000000076b3876a8) thrown at [C:\re\workspace\8-2-build-windows-amd64-cygwin\jdk8u111\7883\hotspot\src\share\vm\prims\jvm.cpp, line 1386]
Event: 0.183 Thread 0x00000000022b0800 Exception <a 'java/security/PrivilegedActionException'> (0x000000076b38b4d8) thrown at [C:\re\workspace\8-2-build-windows-amd64-cygwin\jdk8u111\7883\hotspot\src\share\vm\prims\jvm.cpp, line 1386]
Event: 0.183 Thread 0x00000000022b0800 Exception <a 'java/security/PrivilegedActionException'> (0x000000076b38b6e8) thrown at [C:\re\workspace\8-2-build-windows-amd64-cygwin\jdk8u111\7883\hotspot\src\share\vm\prims\jvm.cpp, line 1386]
Event: 1.669 Thread 0x000000001ed0a000 Exception <a 'sun/nio/fs/WindowsException'> (0x000000076b7283f0) thrown at [C:\re\workspace\8-2-build-windows-amd64-cygwin\jdk8u111\7883\hotspot\src\share\vm\prims\jni.cpp, line 709]
Event: 1.670 Thread 0x000000001ed0a000 Exception <a 'sun/nio/fs/WindowsException'> (0x000000076b728c10) thrown at [C:\re\workspace\8-2-build-windows-amd64-cygwin\jdk8u111\7883\hotspot\src\share\vm\prims\jni.cpp, line 709]

Events (10 events):
Event: 1.993 loading class com/clownvin/lumina/graphics/Shader done
Event: 1.994 loading class org/lwjgl/system/APIUtil$Encoder
Event: 1.994 loading class org/lwjgl/system/APIUtil$Encoder done
Event: 1.994 loading class org/lwjgl/system/APIUtil$Encoder
Event: 1.994 loading class org/lwjgl/system/APIUtil$Encoder done
Event: 1.994 loading class org/lwjgl/system/libc/LibCStdlib
Event: 1.994 loading class org/lwjgl/system/libc/LibCStdlib done
Event: 1.996 Thread 0x000000001eff9800 Thread added: 0x000000001eff9800
Event: 1.997 loading class java/util/LinkedList$ListItr
Event: 1.997 loading class java/util/LinkedList$ListItr done


Dynamic libraries:
0x00007ff6015b0000 - 0x00007ff6015e7000 	C:\Program Files\Java\jre1.8.0_111\bin\javaw.exe
0x00007ffe5b6f0000 - 0x00007ffe5b8cb000 	C:\WINDOWS\SYSTEM32\ntdll.dll
0x00007ffe5b290000 - 0x00007ffe5b33e000 	C:\WINDOWS\System32\KERNEL32.DLL
0x00007ffe57c10000 - 0x00007ffe57e59000 	C:\WINDOWS\System32\KERNELBASE.dll
0x00007ffe59430000 - 0x00007ffe594d1000 	C:\WINDOWS\System32\ADVAPI32.dll
0x00007ffe5b340000 - 0x00007ffe5b3dd000 	C:\WINDOWS\System32\msvcrt.dll
0x00007ffe593d0000 - 0x00007ffe59429000 	C:\WINDOWS\System32\sechost.dll
0x00007ffe596d0000 - 0x00007ffe597f5000 	C:\WINDOWS\System32\RPCRT4.dll
0x00007ffe58cb0000 - 0x00007ffe58dfa000 	C:\WINDOWS\System32\USER32.dll
0x00007ffe58b80000 - 0x00007ffe58b9e000 	C:\WINDOWS\System32\win32u.dll
0x00007ffe594f0000 - 0x00007ffe59517000 	C:\WINDOWS\System32\GDI32.dll
0x00007ffe57e60000 - 0x00007ffe57fe7000 	C:\WINDOWS\System32\gdi32full.dll
0x00007ffe58930000 - 0x00007ffe589ca000 	C:\WINDOWS\System32\msvcp_win.dll
0x00007ffe58a80000 - 0x00007ffe58b76000 	C:\WINDOWS\System32\ucrtbase.dll
0x00007ffe49d40000 - 0x00007ffe49fa7000 	C:\WINDOWS\WinSxS\amd64_microsoft.windows.common-controls_6595b64144ccf1df_6.0.15063.483_none_26002d27e7c744a2\COMCTL32.dll
0x00007ffe5b3e0000 - 0x00007ffe5b6d9000 	C:\WINDOWS\System32\combase.dll
0x00007ffe57ff0000 - 0x00007ffe5805a000 	C:\WINDOWS\System32\bcryptPrimitives.dll
0x00007ffe595a0000 - 0x00007ffe595cd000 	C:\WINDOWS\System32\IMM32.DLL
0x000000006e2f0000 - 0x000000006e3c2000 	C:\Program Files\Java\jre1.8.0_111\bin\msvcr100.dll
0x000000006e4f0000 - 0x000000006ed8a000 	C:\Program Files\Java\jre1.8.0_111\bin\server\jvm.dll
0x00007ffe594e0000 - 0x00007ffe594e8000 	C:\WINDOWS\System32\PSAPI.DLL
0x00007ffe479c0000 - 0x00007ffe479c9000 	C:\WINDOWS\SYSTEM32\WSOCK32.dll
0x00007ffe4daf0000 - 0x00007ffe4db13000 	C:\WINDOWS\SYSTEM32\WINMM.dll
0x00007ffe53b40000 - 0x00007ffe53b4a000 	C:\WINDOWS\SYSTEM32\VERSION.dll
0x00007ffe59530000 - 0x00007ffe5959c000 	C:\WINDOWS\System32\WS2_32.dll
0x00007ffe4d5b0000 - 0x00007ffe4d5db000 	C:\WINDOWS\SYSTEM32\winmmbase.dll
0x00007ffe58c00000 - 0x00007ffe58c49000 	C:\WINDOWS\System32\cfgmgr32.dll
0x000000006e4e0000 - 0x000000006e4ef000 	C:\Program Files\Java\jre1.8.0_111\bin\verify.dll
0x000000006e4b0000 - 0x000000006e4d9000 	C:\Program Files\Java\jre1.8.0_111\bin\java.dll
0x000000006e490000 - 0x000000006e4a6000 	C:\Program Files\Java\jre1.8.0_111\bin\zip.dll
0x00007ffe59cb0000 - 0x00007ffe5b0e7000 	C:\WINDOWS\System32\SHELL32.dll
0x00007ffe58e00000 - 0x00007ffe58eaa000 	C:\WINDOWS\System32\shcore.dll
0x00007ffe58060000 - 0x00007ffe58751000 	C:\WINDOWS\System32\windows.storage.dll
0x00007ffe59670000 - 0x00007ffe596c1000 	C:\WINDOWS\System32\shlwapi.dll
0x00007ffe57b80000 - 0x00007ffe57b91000 	C:\WINDOWS\System32\kernel.appcore.dll
0x00007ffe57ba0000 - 0x00007ffe57bec000 	C:\WINDOWS\System32\powrprof.dll
0x00007ffe57b60000 - 0x00007ffe57b75000 	C:\WINDOWS\System32\profapi.dll
0x000000006e470000 - 0x000000006e48a000 	C:\Program Files\Java\jre1.8.0_111\bin\net.dll
0x00007ffe57470000 - 0x00007ffe574cc000 	C:\WINDOWS\system32\mswsock.dll
0x000000006e450000 - 0x000000006e461000 	C:\Program Files\Java\jre1.8.0_111\bin\nio.dll
0x00007ffe40120000 - 0x00007ffe40178000 	C:\Users\Clownvin\AppData\Local\Temp\lwjglClownvin\3.1.4-SNAPSHOT\lwjgl.dll
0x00007ffe3fbc0000 - 0x00007ffe3fc0d000 	C:\Users\Clownvin\AppData\Local\Temp\lwjglClownvin\3.1.4-SNAPSHOT\glfw.dll
0x00007ffe56460000 - 0x00007ffe564f5000 	C:\WINDOWS\system32\uxtheme.dll
0x00007ffe3fa50000 - 0x00007ffe3fa92000 	C:\WINDOWS\SYSTEM32\dinput8.dll
0x00007ffe54a70000 - 0x00007ffe54a7e000 	C:\WINDOWS\SYSTEM32\xinput1_4.dll
0x00007ffe56520000 - 0x00007ffe56548000 	C:\WINDOWS\SYSTEM32\DEVOBJ.dll
0x00007ffe4b5d0000 - 0x00007ffe4b5fa000 	C:\WINDOWS\SYSTEM32\dwmapi.dll
0x00007ffe59800000 - 0x00007ffe59966000 	C:\WINDOWS\System32\MSCTF.dll
0x00007ffe58eb0000 - 0x00007ffe58f70000 	C:\WINDOWS\System32\OLEAUT32.dll
0x00007ffe3fde0000 - 0x00007ffe3fe28000 	U:\Programs\TeamViewer\tv_x64.dll
0x00007ffe59b60000 - 0x00007ffe59ca5000 	C:\WINDOWS\System32\ole32.dll
0x00007ffe56a20000 - 0x00007ffe56a2d000 	C:\WINDOWS\SYSTEM32\HID.DLL
0x00007ffe58f90000 - 0x00007ffe593cb000 	C:\WINDOWS\System32\SETUPAPI.DLL
0x00007ffe58ba0000 - 0x00007ffe58bf6000 	C:\WINDOWS\System32\WINTRUST.dll
0x00007ffe57bf0000 - 0x00007ffe57c01000 	C:\WINDOWS\System32\MSASN1.dll
0x00007ffe58760000 - 0x00007ffe58929000 	C:\WINDOWS\System32\CRYPT32.dll
0x00007ffe32b70000 - 0x00007ffe32c91000 	C:\WINDOWS\SYSTEM32\opengl32.dll
0x00007ffe3f320000 - 0x00007ffe3f34c000 	C:\WINDOWS\SYSTEM32\GLU32.dll
0x000000006bb50000 - 0x000000006ddb9000 	C:\WINDOWS\SYSTEM32\nvoglv64.DLL
0x00007ffe54a40000 - 0x00007ffe54a53000 	C:\WINDOWS\SYSTEM32\WTSAPI32.dll
0x00007ffe56d40000 - 0x00007ffe56d71000 	C:\WINDOWS\SYSTEM32\ntmarta.dll
0x00007ffe43ea0000 - 0x00007ffe4405d000 	C:\WINDOWS\system32\nvspcap64.dll
0x00007ffe571b0000 - 0x00007ffe57205000 	C:\WINDOWS\SYSTEM32\WINSTA.dll
0x00007ffe4c640000 - 0x00007ffe4c6c2000 	C:\WINDOWS\System32\TextInputFramework.dll
0x00007ffe4a3f0000 - 0x00007ffe4a6c2000 	C:\WINDOWS\System32\CoreUIComponents.dll
0x00007ffe556a0000 - 0x00007ffe55783000 	C:\WINDOWS\System32\CoreMessaging.dll
0x00007ffe4bd60000 - 0x00007ffe4bd75000 	C:\WINDOWS\SYSTEM32\usermgrcli.dll
0x00007ffe52240000 - 0x00007ffe52379000 	C:\WINDOWS\SYSTEM32\wintypes.dll
0x00007ffe3f750000 - 0x00007ffe3f7af000 	C:\Users\Clownvin\AppData\Local\Temp\lwjglClownvin\3.1.4-SNAPSHOT\lwjgl_opengl.dll
0x00007ffe51840000 - 0x00007ffe519e9000 	C:\WINDOWS\SYSTEM32\dbghelp.dll

VM Arguments:
jvm_args: -Dfile.encoding=Cp1252 
java_command: test.TestGame
java_class_path (initial): U:\Workspace\LuminaEngine\bin;U:\Workspace\LuminaEngine\lib\joml-1.9.6.jar;U:\Workspace\LuminaEngine\lib\lwjgl.jar;U:\Workspace\LuminaEngine\lib\lwjgl-glfw.jar;U:\Workspace\LuminaEngine\lib\lwjgl-glfw-natives-windows.jar;U:\Workspace\LuminaEngine\lib\lwjgl-natives-windows.jar;U:\Workspace\LuminaEngine\lib\lwjgl-opengl.jar;U:\Workspace\LuminaEngine\lib\lwjgl-opengl-natives-windows.jar
Launcher Type: SUN_STANDARD

Environment Variables:
PATH=C:/Program Files/Java/jre1.8.0_111/bin/server;C:/Program Files/Java/jre1.8.0_111/bin;C:/Program Files/Java/jre1.8.0_111/lib/amd64;C:\ProgramData\Oracle\Java\javapath;C:\Program Files (x86)\Razer Chroma SDK\bin;C:\Program Files\Razer Chroma SDK\bin;C:\Windows\system32;C:\Windows;C:\Windows\System32\Wbem;C:\Windows\System32\WindowsPowerShell\v1.0\;C:\Users\Clownvin\.dnx\bin;C:\Program Files\Microsoft DNX\Dnvm\;C:\Program Files\Microsoft SQL Server\130\Tools\Binn\;C:\WINDOWS\system32;C:\WINDOWS;C:\WINDOWS\System32\Wbem;C:\WINDOWS\System32\WindowsPowerShell\v1.0\;C:\Program Files (x86)\NVIDIA Corporation\PhysX\Common;C:\WINDOWS\system32;C:\WINDOWS;C:\WINDOWS\System32\Wbem;C:\WINDOWS\System32\WindowsPowerShell\v1.0\;C:\Program Files (x86)\Skype\Phone\;C:\WINDOWS\system32\config\systemprofile\AppData\Local\Microsoft\WindowsApps;C:\Program Files (x86)\sbt\bin;C:\Program Files\Git\cmd;C:\Users\Clownvin\AppData\Local\atom\bin;%USERPROFILE%\AppData\Local\Microsoft\WindowsApps;;C:\Users\Clownvin\Desktop\eclipse;
USERNAME=Clownvin
OS=Windows_NT
PROCESSOR_IDENTIFIER=AMD64 Family 21 Model 2 Stepping 0, AuthenticAMD



---------------  S Y S T E M  ---------------

OS: Windows 10.0 , 64 bit Build 15063 (10.0.15063.296)

CPU:total 8 (8 cores per cpu, 1 threads per core) family 21 model 2 stepping 0, cmov, cx8, fxsr, mmx, sse, sse2, sse3, ssse3, sse4.1, sse4.2, popcnt, avx, aes, clmul, mmxext, 3dnowpref, lzcnt, sse4a, tsc, tscinvbit, tscinv, bmi1

Memory: 4k page, physical 16724272k(10188856k free), swap 19214640k(8297284k free)

vm_info: Java HotSpot(TM) 64-Bit Server VM (25.111-b14) for windows-amd64 JRE (1.8.0_111-b14), built on Sep 22 2016 19:24:05 by "java_re" with MS VC++ 10.0 (VS2010)

time: Fri Nov 17 13:44:15 2017
elapsed time: 2 seconds (0d 0h 0m 2s)

